This is XeTeX, Version 3.14159265-2.6-0.999991 (TeX Live 2019/W32TeX) (preloaded format=xelatex 2020.4.3)  14 JUN 2020 20:01
entering extended mode
 restricted \write18 enabled.
 %&-line parsing enabled.
**main.tex
(./main.tex
LaTeX2e <2020-02-02> patch level 5
L3 programming layer <2020-02-25>
(c:/texlive/2019/texmf-dist/tex/latex/base/report.cls
Document Class: report 2019/12/20 v1.4l Standard LaTeX document class
(c:/texlive/2019/texmf-dist/tex/latex/base/size12.clo
File: size12.clo 2019/12/20 v1.4l Standard LaTeX file (size option)
)
\c@part=\count163
\c@chapter=\count164
\c@section=\count165
\c@subsection=\count166
\c@subsubsection=\count167
\c@paragraph=\count168
\c@subparagraph=\count169
\c@figure=\count170
\c@table=\count171
\abovecaptionskip=\skip47
\belowcaptionskip=\skip48
\bibindent=\dimen134
)
(c:/texlive/2019/texmf-dist/tex/latex/fontspec/fontspec.sty
(c:/texlive/2019/texmf-dist/tex/latex/l3packages/xparse/xparse.sty
(c:/texlive/2019/texmf-dist/tex/latex/l3kernel/expl3.sty
Package: expl3 2020-02-25 L3 programming layer (loader) 

(c:/texlive/2019/texmf-dist/tex/latex/l3backend/l3backend-xdvipdfmx.def
File: l3backend-xdvipdfmx.def 2020-02-23 L3 backend support: xdvipdfmx
\g__graphics_track_int=\count172
\l__pdf_internal_box=\box45
\g__pdf_backend_object_int=\count173
\g__pdf_backend_annotation_int=\count174
))
Package: xparse 2020-02-25 L3 Experimental document command parser
\l__xparse_current_arg_int=\count175
\g__xparse_grabber_int=\count176
\l__xparse_m_args_int=\count177
\l__xparse_v_nesting_int=\count178
)
Package: fontspec 2020/02/21 v2.7i Font selection for XeLaTeX and LuaLaTeX

(c:/texlive/2019/texmf-dist/tex/latex/fontspec/fontspec-xetex.sty
Package: fontspec-xetex 2020/02/21 v2.7i Font selection for XeLaTeX and LuaLaTe
X
\l__fontspec_script_int=\count179
\l__fontspec_language_int=\count180
\l__fontspec_strnum_int=\count181
\l__fontspec_tmp_int=\count182
\l__fontspec_tmpa_int=\count183
\l__fontspec_tmpb_int=\count184
\l__fontspec_tmpc_int=\count185
\l__fontspec_em_int=\count186
\l__fontspec_emdef_int=\count187
\l__fontspec_strong_int=\count188
\l__fontspec_strongdef_int=\count189
\l__fontspec_tmpa_dim=\dimen135
\l__fontspec_tmpb_dim=\dimen136
\l__fontspec_tmpc_dim=\dimen137

(c:/texlive/2019/texmf-dist/tex/latex/base/fontenc.sty
Package: fontenc 2020/02/11 v2.0o Standard LaTeX package
)
(c:/texlive/2019/texmf-dist/tex/latex/fontspec/fontspec.cfg)))
(c:/texlive/2019/texmf-dist/tex/xelatex/xltxtra/xltxtra.sty
Package: xltxtra 2018/12/31 v0.7 Improvements for the "XeLaTeX" format

(c:/texlive/2019/texmf-dist/tex/generic/iftex/ifluatex.sty
Package: ifluatex 2019/10/25 v1.5 ifluatex legacy package. Use iftex instead.

(c:/texlive/2019/texmf-dist/tex/generic/iftex/iftex.sty
Package: iftex 2019/11/07 v1.0c TeX engine tests
))
(c:/texlive/2019/texmf-dist/tex/generic/iftex/ifxetex.sty
Package: ifxetex 2019/10/25 v0.7 ifxetex legacy package. Use iftex instead.
)
(c:/texlive/2019/texmf-dist/tex/latex/realscripts/realscripts.sty
Package: realscripts 2016/02/13 v0.3d Access OpenType subscripts and superscrip
ts
\subsupersep=\dimen138
)
(c:/texlive/2019/texmf-dist/tex/latex/metalogo/metalogo.sty
Package: metalogo 2010/05/29 v0.12 Extended TeX logo macros

(c:/texlive/2019/texmf-dist/tex/latex/graphics/graphicx.sty
Package: graphicx 2019/11/30 v1.2a Enhanced LaTeX Graphics (DPC,SPQR)

(c:/texlive/2019/texmf-dist/tex/latex/graphics/keyval.sty
Package: keyval 2014/10/28 v1.15 key=value parser (DPC)
\KV@toks@=\toks15
)
(c:/texlive/2019/texmf-dist/tex/latex/graphics/graphics.sty
Package: graphics 2019/11/30 v1.4a Standard LaTeX Graphics (DPC,SPQR)

(c:/texlive/2019/texmf-dist/tex/latex/graphics/trig.sty
Package: trig 2016/01/03 v1.10 sin cos tan (DPC)
)
(c:/texlive/2019/texmf-dist/tex/latex/graphics-cfg/graphics.cfg
File: graphics.cfg 2016/06/04 v1.11 sample graphics configuration
)
Package graphics Info: Driver file: xetex.def on input line 105.

(c:/texlive/2019/texmf-dist/tex/latex/graphics-def/xetex.def
File: xetex.def 2017/06/24 v5.0h Graphics/color driver for xetex
))
\Gin@req@height=\dimen139
\Gin@req@width=\dimen140
)
\xl@everylogo=\toks16
\xl@@everylogo=\toks17
LaTeX Info: Redefining \TeX on input line 193.
LaTeX Info: Redefining \LaTeX on input line 202.
LaTeX Info: Redefining \LaTeXe on input line 219.
)
\l__xetex_show_hyphens_wrapping_box=\box46
\l__xetex_show_hyphens_temp_box=\box47
\l__xetex_show_hyphens_final_box=\box48
\g__xetex_show_hyphens_word_box=\box49
)
(c:/texlive/2019/texmf-dist/tex/xelatex/xunicode/xunicode.sty
File: xunicode.sty 2011/09/09 v0.981 provides access to latin accents and many 
other characters in Unicode lower plane

(c:/texlive/2019/texmf-dist/tex/latex/tipa/t3enc.def
File: t3enc.def 2001/12/31 T3 encoding
)
\tipaTiiicode=\count190
\tipasavetokens=\toks18
\tipachecktokens=\toks19
)
(c:/texlive/2019/texmf-dist/tex/generic/babel/babel.sty
Package: babel 2020/02/28 3.41 The Babel package

(c:/texlive/2019/texmf-dist/tex/generic/babel/switch.def
File: switch.def 2020/02/28 3.41 Babel switching mechanism
)
(c:/texlive/2019/texmf-dist/tex/generic/babel-greek/greek.ldf
Language: greek 2020/02/27 v1.9i Greek support for the babel system

(c:/texlive/2019/texmf-dist/tex/generic/babel/babel.def
File: babel.def 2020/02/28 3.41 Babel common definitions
\babel@savecnt=\count191
\U@D=\dimen141

(c:/texlive/2019/texmf-dist/tex/generic/babel/xebabel.def
(c:/texlive/2019/texmf-dist/tex/generic/babel/txtbabel.def))
\bbl@readstream=\read2
\bbl@dirlevel=\count192
)
\bbl@monogreek=\count193
\bbl@polygreek=\count194
\bbl@ancientgreek=\count195

(c:/texlive/2019/texmf-dist/tex/latex/greek-fontenc/greek-euenc.def
File: greek-euenc.def 2020/02/28 0.14 Greek LICRs for XeTeX and LuaTeX

(c:/texlive/2019/texmf-dist/tex/latex/greek-fontenc/tuenc-greek.def
File: tuenc-greek.def 2020/02/28 0.14 Greek LICRs for XeTeX and LuaTeX

(c:/texlive/2019/texmf-dist/tex/latex/greek-fontenc/greek-fontenc.def
File: greek-fontenc.def 2015/08/04 v0.13.4 Common Greek font encoding definitio
ns
)
LaTeX Info: Composite with undeclared \accdialytikaoxia in encoding TU on input
 line 426.
))))
(c:/texlive/2019/texmf-dist/tex/latex/parskip/parskip.sty
Package: parskip 2020-01-22 v2.0d non-zero parskip adjustments

(c:/texlive/2019/texmf-dist/tex/latex/kvoptions/kvoptions.sty
Package: kvoptions 2019/11/29 v3.13 Key value format for package options (HO)

(c:/texlive/2019/texmf-dist/tex/generic/ltxcmds/ltxcmds.sty
Package: ltxcmds 2019/12/15 v1.24 LaTeX kernel commands for general use (HO)
)
(c:/texlive/2019/texmf-dist/tex/generic/kvsetkeys/kvsetkeys.sty
Package: kvsetkeys 2019/12/15 v1.18 Key value parser (HO)
))
(c:/texlive/2019/texmf-dist/tex/latex/etoolbox/etoolbox.sty
Package: etoolbox 2019/09/21 v2.5h e-TeX tools for LaTeX (JAW)
\etb@tempcnta=\count196
))
(c:/texlive/2019/texmf-dist/tex/xelatex/xgreek/xgreek.sty
File: xgreek.sty 2018/02/16 v3.0.1 Package `xgreek.sty'

Package `xgreek' version 3.0.1 by Apostolos Syropoulos
LaTeX Info: Redefining \anw@false on input line 465.
LaTeX Info: Redefining \anw@true on input line 467.
LaTeX Info: Redefining \anw@print on input line 469.
\@attic@num=\count197
)
(c:/texlive/2019/texmf-dist/tex/latex/multirow/multirow.sty
Package: multirow 2019/05/31 v2.5 Span multiple rows of a table
\multirow@colwidth=\skip49
\multirow@cntb=\count198
\multirow@dima=\skip50
\bigstrutjot=\dimen142
)
(c:/texlive/2019/texmf-dist/tex/latex/fancyvrb/fancyvrb.sty
Package: fancyvrb 2020/01/13 v3.5 verbatim text (tvz,hv)
\FV@CodeLineNo=\count199
\FV@InFile=\read3
\FV@TabBox=\box50
\c@FancyVerbLine=\count266
\FV@StepNumber=\count267
\FV@OutFile=\write3
)
(c:/texlive/2019/texmf-dist/tex/latex/colortbl/colortbl.sty
Package: colortbl 2020/01/04 v1.0e Color table columns (DPC)

(c:/texlive/2019/texmf-dist/tex/latex/tools/array.sty
Package: array 2019/08/31 v2.4l Tabular extension package (FMi)
\col@sep=\dimen143
\ar@mcellbox=\box51
\extrarowheight=\dimen144
\NC@list=\toks20
\extratabsurround=\skip51
\backup@length=\skip52
\ar@cellbox=\box52
)
(c:/texlive/2019/texmf-dist/tex/latex/graphics/color.sty
Package: color 2019/11/23 v1.2a Standard LaTeX Color (DPC)

(c:/texlive/2019/texmf-dist/tex/latex/graphics-cfg/color.cfg
File: color.cfg 2016/01/02 v1.6 sample color configuration
)
Package color Info: Driver file: xetex.def on input line 147.
)
\everycr=\toks21
\minrowclearance=\skip53
)
(c:/texlive/2019/texmf-dist/tex/latex/anyfontsize/anyfontsize.sty
Invalid UTF-8 byte or sequence at line 3 replaced by U+FFFD.
Invalid UTF-8 byte or sequence at line 3 replaced by U+FFFD.
Package: anyfontsize 2007/11/22 anyfontsize.sty by pts
)
(c:/texlive/2019/texmf-dist/tex/latex/xcolor/xcolor.sty
Package: xcolor 2016/05/11 v2.12 LaTeX color extensions (UK)

(c:/texlive/2019/texmf-dist/tex/latex/graphics-cfg/color.cfg
File: color.cfg 2016/01/02 v1.6 sample color configuration
)
Package xcolor Info: Package option `usenames' ignored on input line 216.
Package xcolor Info: Package option `dvipsname' ignored on input line 216.
Package xcolor Info: Driver file: xetex.def on input line 225.
LaTeX Info: Redefining \color on input line 709.
Package xcolor Info: Model `cmy' substituted by `cmy0' on input line 1348.
Package xcolor Info: Model `RGB' extended on input line 1364.
Package xcolor Info: Model `HTML' substituted by `rgb' on input line 1366.
Package xcolor Info: Model `Hsb' substituted by `hsb' on input line 1367.
Package xcolor Info: Model `tHsb' substituted by `hsb' on input line 1368.
Package xcolor Info: Model `HSB' substituted by `hsb' on input line 1369.
Package xcolor Info: Model `Gray' substituted by `gray' on input line 1370.
Package xcolor Info: Model `wave' substituted by `hsb' on input line 1371.
)
(c:/texlive/2019/texmf-dist/tex/latex/hyperref/hyperref.sty
Package: hyperref 2020/01/14 v7.00d Hypertext links for LaTeX

(c:/texlive/2019/texmf-dist/tex/latex/pdftexcmds/pdftexcmds.sty
Package: pdftexcmds 2019/11/24 v0.31 Utility functions of pdfTeX for LuaTeX (HO
)

(c:/texlive/2019/texmf-dist/tex/generic/infwarerr/infwarerr.sty
Package: infwarerr 2019/12/03 v1.5 Providing info/warning/error messages (HO)
)
Package pdftexcmds Info: \pdf@primitive is available.
Package pdftexcmds Info: \pdf@ifprimitive is available.
Package pdftexcmds Info: \pdfdraftmode not found.
)
(c:/texlive/2019/texmf-dist/tex/generic/kvdefinekeys/kvdefinekeys.sty
Package: kvdefinekeys 2019-12-19 v1.6 Define keys (HO)
)
(c:/texlive/2019/texmf-dist/tex/generic/pdfescape/pdfescape.sty
Package: pdfescape 2019/12/09 v1.15 Implements pdfTeX's escape features (HO)
)
(c:/texlive/2019/texmf-dist/tex/latex/hycolor/hycolor.sty
Package: hycolor 2020-01-27 v1.10 Color options for hyperref/bookmark (HO)
)
(c:/texlive/2019/texmf-dist/tex/latex/letltxmacro/letltxmacro.sty
Package: letltxmacro 2019/12/03 v1.6 Let assignment for LaTeX macros (HO)
)
(c:/texlive/2019/texmf-dist/tex/latex/auxhook/auxhook.sty
Package: auxhook 2019-12-17 v1.6 Hooks for auxiliary files (HO)
)
\@linkdim=\dimen145
\Hy@linkcounter=\count268
\Hy@pagecounter=\count269

(c:/texlive/2019/texmf-dist/tex/latex/hyperref/pd1enc.def
File: pd1enc.def 2020/01/14 v7.00d Hyperref: PDFDocEncoding definition (HO)
)
(c:/texlive/2019/texmf-dist/tex/generic/intcalc/intcalc.sty
Package: intcalc 2019/12/15 v1.3 Expandable calculations with integers (HO)
)
(c:/texlive/2019/texmf-dist/tex/generic/etexcmds/etexcmds.sty
Package: etexcmds 2019/12/15 v1.7 Avoid name clashes with e-TeX commands (HO)
)
\Hy@SavedSpaceFactor=\count270
Package hyperref Info: Option `colorlinks' set `true' on input line 4421.
Package hyperref Info: Hyper figures OFF on input line 4547.
Package hyperref Info: Link nesting OFF on input line 4552.
Package hyperref Info: Hyper index ON on input line 4555.
Package hyperref Info: Plain pages OFF on input line 4562.
Package hyperref Info: Backreferencing OFF on input line 4567.
Package hyperref Info: Implicit mode ON; LaTeX internals redefined.
Package hyperref Info: Bookmarks ON on input line 4800.
\c@Hy@tempcnt=\count271

(c:/texlive/2019/texmf-dist/tex/latex/url/url.sty
\Urlmuskip=\muskip16
Package: url 2013/09/16  ver 3.4  Verb mode for urls, etc.
)
LaTeX Info: Redefining \url on input line 5159.
\XeTeXLinkMargin=\dimen146

(c:/texlive/2019/texmf-dist/tex/generic/bitset/bitset.sty
Package: bitset 2019/12/09 v1.3 Handle bit-vector datatype (HO)

(c:/texlive/2019/texmf-dist/tex/generic/bigintcalc/bigintcalc.sty
Package: bigintcalc 2019/12/15 v1.5 Expandable calculations on big integers (HO
)
))
\Fld@menulength=\count272
\Field@Width=\dimen147
\Fld@charsize=\dimen148
Package hyperref Info: Hyper figures OFF on input line 6430.
Package hyperref Info: Link nesting OFF on input line 6435.
Package hyperref Info: Hyper index ON on input line 6438.
Package hyperref Info: backreferencing OFF on input line 6445.
Package hyperref Info: Link coloring ON on input line 6448.
Package hyperref Info: Link coloring with OCG OFF on input line 6455.
Package hyperref Info: PDF/A mode OFF on input line 6460.
LaTeX Info: Redefining \ref on input line 6500.
LaTeX Info: Redefining \pageref on input line 6504.

(c:/texlive/2019/texmf-dist/tex/generic/atbegshi/atbegshi.sty
Package: atbegshi 2019/12/05 v1.19 At begin shipout hook (HO)
)
\Hy@abspage=\count273
\c@Item=\count274
\c@Hfootnote=\count275
)
Package hyperref Info: Driver (autodetected): hxetex.

(c:/texlive/2019/texmf-dist/tex/latex/hyperref/hxetex.def
File: hxetex.def 2020/01/14 v7.00d Hyperref driver for XeTeX

(c:/texlive/2019/texmf-dist/tex/latex/hyperref/puenc.def
File: puenc.def 2020/01/14 v7.00d Hyperref: PDF Unicode definition (HO)
)
(c:/texlive/2019/texmf-dist/tex/generic/stringenc/stringenc.sty
Package: stringenc 2019/11/29 v1.12 Convert strings between diff. encodings (HO
)
)
\pdfm@box=\box53
\c@Hy@AnnotLevel=\count276
\HyField@AnnotCount=\count277
\Fld@listcount=\count278
\c@bookmark@seq@number=\count279

(c:/texlive/2019/texmf-dist/tex/latex/rerunfilecheck/rerunfilecheck.sty
Package: rerunfilecheck 2019/12/05 v1.9 Rerun checks for auxiliary files (HO)

(c:/texlive/2019/texmf-dist/tex/latex/atveryend/atveryend.sty
Package: atveryend 2019-12-11 v1.11 Hooks at the very end of document (HO)
)
(c:/texlive/2019/texmf-dist/tex/generic/uniquecounter/uniquecounter.sty
Package: uniquecounter 2019/12/15 v1.4 Provide unlimited unique counter (HO)
)
Package uniquecounter Info: New unique counter `rerunfilecheck' on input line 2
86.
)
\Hy@SectionHShift=\skip54
)
(c:/texlive/2019/texmf-dist/tex/latex/pdfpages/pdfpages.sty
Package: pdfpages 2020/01/28 v0.5q Insert pages of external PDF documents (AM)

(c:/texlive/2019/texmf-dist/tex/latex/base/ifthen.sty
Package: ifthen 2014/09/29 v1.1c Standard LaTeX ifthen package (DPC)
)
(c:/texlive/2019/texmf-dist/tex/latex/tools/calc.sty
Package: calc 2017/05/25 v4.3 Infix arithmetic (KKT,FJ)
\calc@Acount=\count280
\calc@Bcount=\count281
\calc@Adimen=\dimen149
\calc@Bdimen=\dimen150
\calc@Askip=\skip55
\calc@Bskip=\skip56
LaTeX Info: Redefining \setlength on input line 80.
LaTeX Info: Redefining \addtolength on input line 81.
\calc@Ccount=\count282
\calc@Cskip=\skip57
)
(c:/texlive/2019/texmf-dist/tex/latex/eso-pic/eso-pic.sty
Package: eso-pic 2018/04/12 v2.0h eso-pic (RN)
)
\AM@pagewidth=\dimen151
\AM@pageheight=\dimen152

(c:/texlive/2019/texmf-dist/tex/latex/pdfpages/ppxetex.def
File: ppxetex.def 2020/01/28 v0.5q Pdfpages driver for XeTeX (AM)
)
\AM@pagebox=\box54
\AM@global@opts=\toks22
\AM@pagecnt=\count283
\AM@toc@title=\toks23
\c@AM@survey=\count284
\AM@templatesizebox=\box55
)
(c:/texlive/2019/texmf-dist/tex/latex/ragged2e/ragged2e.sty
Package: ragged2e 2019/07/28 v2.2 ragged2e Package (MS)

(c:/texlive/2019/texmf-dist/tex/latex/ms/everysel.sty
Package: everysel 2011/10/28 v1.2 EverySelectfont Package (MS)
)
\CenteringLeftskip=\skip58
\RaggedLeftLeftskip=\skip59
\RaggedRightLeftskip=\skip60
\CenteringRightskip=\skip61
\RaggedLeftRightskip=\skip62
\RaggedRightRightskip=\skip63
\CenteringParfillskip=\skip64
\RaggedLeftParfillskip=\skip65
\RaggedRightParfillskip=\skip66
\JustifyingParfillskip=\skip67
\CenteringParindent=\skip68
\RaggedLeftParindent=\skip69
\RaggedRightParindent=\skip70
\JustifyingParindent=\skip71
)
(c:/texlive/2019/texmf-dist/tex/latex/listings/listings.sty
\lst@mode=\count285
\lst@gtempboxa=\box56
\lst@token=\toks24
\lst@length=\count286
\lst@currlwidth=\dimen153
\lst@column=\count287
\lst@pos=\count288
\lst@lostspace=\dimen154
\lst@width=\dimen155
\lst@newlines=\count289
\lst@lineno=\count290
\lst@maxwidth=\dimen156

(c:/texlive/2019/texmf-dist/tex/latex/listings/lstmisc.sty
File: lstmisc.sty 2019/09/10 1.8c (Carsten Heinz)
\c@lstnumber=\count291
\lst@skipnumbers=\count292
\lst@framebox=\box57
)
(c:/texlive/2019/texmf-dist/tex/latex/listings/listings.cfg
File: listings.cfg 2019/09/10 1.8c listings configuration
))
Package: listings 2019/09/10 1.8c (Carsten Heinz)

(c:/texlive/2019/texmf-dist/tex/latex/amsmath/amsmath.sty
Package: amsmath 2020/01/20 v2.17e AMS math features
\@mathmargin=\skip72

For additional information on amsmath, use the `?' option.
(c:/texlive/2019/texmf-dist/tex/latex/amsmath/amstext.sty
Package: amstext 2000/06/29 v2.01 AMS text

(c:/texlive/2019/texmf-dist/tex/latex/amsmath/amsgen.sty
File: amsgen.sty 1999/11/30 v2.0 generic functions
\@emptytoks=\toks25
\ex@=\dimen157
))
(c:/texlive/2019/texmf-dist/tex/latex/amsmath/amsbsy.sty
Package: amsbsy 1999/11/29 v1.2d Bold Symbols
\pmbraise@=\dimen158
)
(c:/texlive/2019/texmf-dist/tex/latex/amsmath/amsopn.sty
Package: amsopn 2016/03/08 v2.02 operator names
)
\inf@bad=\count293
LaTeX Info: Redefining \frac on input line 227.
\uproot@=\count294
\leftroot@=\count295
LaTeX Info: Redefining \overline on input line 389.
\classnum@=\count296
\DOTSCASE@=\count297
LaTeX Info: Redefining \ldots on input line 486.
LaTeX Info: Redefining \dots on input line 489.
LaTeX Info: Redefining \cdots on input line 610.
\Mathstrutbox@=\box58
\strutbox@=\box59
\big@size=\dimen159
LaTeX Font Info:    Redeclaring font encoding OML on input line 733.
LaTeX Font Info:    Redeclaring font encoding OMS on input line 734.
\macc@depth=\count298
\c@MaxMatrixCols=\count299
\dotsspace@=\muskip17
\c@parentequation=\count300
\dspbrk@lvl=\count301
\tag@help=\toks26
\row@=\count302
\column@=\count303
\maxfields@=\count304
\andhelp@=\toks27
\eqnshift@=\dimen160
\alignsep@=\dimen161
\tagshift@=\dimen162
\tagwidth@=\dimen163
\totwidth@=\dimen164
\lineht@=\dimen165
\@envbody=\toks28
\multlinegap=\skip73
\multlinetaggap=\skip74
\mathdisplay@stack=\toks29
LaTeX Info: Redefining \[ on input line 2859.
LaTeX Info: Redefining \] on input line 2860.
)
(c:/texlive/2019/texmf-dist/tex/latex/oberdiek/centernot.sty
Package: centernot 2016/05/16 v1.4 Centers the not symbol horizontally (HO)
)
(c:/texlive/2019/texmf-dist/tex/latex/tools/tabularx.sty
Package: tabularx 2020/01/15 v2.11c `tabularx' package (DPC)
\TX@col@width=\dimen166
\TX@old@table=\dimen167
\TX@old@col=\dimen168
\TX@target=\dimen169
\TX@delta=\dimen170
\TX@cols=\count305
\TX@ftn=\toks30
)

Package fontspec Info: Font family 'GFSDidot(0)' created for font 'GFS Didot'
(fontspec)             with options [Ligatures=TeX,Mapping=tex-text].
(fontspec)              
(fontspec)              This font family consists of the following NFSS
(fontspec)             series/shapes:
(fontspec)              
(fontspec)             - 'normal' (m/n) with NFSS spec.: <->"GFS
(fontspec)             Didot/OT:script=latn;language=dflt;mapping=tex-text;"
(fontspec)             - 'small caps'  (m/sc) with NFSS spec.: <->"GFS
(fontspec)             Didot/OT:script=latn;language=dflt;+smcp;mapping=tex-tex
t;"
(fontspec)             - 'bold' (b/n) with NFSS spec.: <->"GFS
(fontspec)             Didot/B/OT:script=latn;language=dflt;mapping=tex-text;"
(fontspec)             - 'bold small caps'  (b/sc) with NFSS spec.: 
(fontspec)             - 'italic' (m/it) with NFSS spec.: <->"GFS
(fontspec)             Didot/I/OT:script=latn;language=dflt;mapping=tex-text;"
(fontspec)             - 'italic small caps'  (m/scit) with NFSS spec.: 
(fontspec)             - 'bold italic' (b/it) with NFSS spec.: <->"GFS
(fontspec)             Didot/BI/OT:script=latn;language=dflt;mapping=tex-text;"

(fontspec)             - 'bold italic small caps'  (b/scit) with NFSS spec.: 


(c:/texlive/2019/texmf-dist/tex/latex/tools/multicol.sty
Package: multicol 2019/12/09 v1.8y multicolumn formatting (FMi)
\c@tracingmulticols=\count306
\mult@box=\box60
\multicol@leftmargin=\dimen171
\c@unbalance=\count307
\c@collectmore=\count308
\doublecol@number=\count309
\multicoltolerance=\count310
\multicolpretolerance=\count311
\full@width=\dimen172
\page@free=\dimen173
\premulticols=\dimen174
\postmulticols=\dimen175
\multicolsep=\skip75
\multicolbaselineskip=\skip76
\partial@page=\box61
\last@line=\box62
\maxbalancingoverflow=\dimen176
\mult@rightbox=\box63
\mult@grightbox=\box64
\mult@gfirstbox=\box65
\mult@firstbox=\box66
\@tempa=\box67
\@tempa=\box68
\@tempa=\box69
\@tempa=\box70
\@tempa=\box71
\@tempa=\box72
\@tempa=\box73
\@tempa=\box74
\@tempa=\box75
\@tempa=\box76
\@tempa=\box77
\@tempa=\box78
\@tempa=\box79
\@tempa=\box80
\@tempa=\box81
\@tempa=\box82
\@tempa=\box83
\@tempa=\box84
\@tempa=\box85
\@tempa=\box86
\@tempa=\box87
\@tempa=\box88
\@tempa=\box89
\@tempa=\box90
\@tempa=\box91
\@tempa=\box92
\@tempa=\box93
\@tempa=\box94
\@tempa=\box95
\@tempa=\box96
\@tempa=\box97
\@tempa=\box98
\@tempa=\box99
\@tempa=\box100
\@tempa=\box101
\@tempa=\box102
\@tempa=\box103
\c@minrows=\count312
\c@columnbadness=\count313
\c@finalcolumnbadness=\count314
\last@try=\dimen177
\multicolovershoot=\dimen178
\multicolundershoot=\dimen179
\mult@nat@firstbox=\box104
\colbreak@box=\box105
\mc@col@check@num=\count315
)
(c:/texlive/2019/texmf-dist/tex/latex/fancyhdr/fancyhdr.sty
Package: fancyhdr 2019/01/31 v3.10 Extensive control of page headers and footer
s
\f@nch@headwidth=\skip77
\f@nch@O@elh=\skip78
\f@nch@O@erh=\skip79
\f@nch@O@olh=\skip80
\f@nch@O@orh=\skip81
\f@nch@O@elf=\skip82
\f@nch@O@erf=\skip83
\f@nch@O@olf=\skip84
\f@nch@O@orf=\skip85
)

Package Fancyhdr Warning: \fancyhead's `E' option without twoside option is use
less on input line 51.


Package Fancyhdr Warning: \fancyhead's `E' option without twoside option is use
less on input line 53.

(./main.aux)
\openout1 = `main.aux'.

LaTeX Font Info:    Checking defaults for OML/cmm/m/it on input line 86.
LaTeX Font Info:    ... okay on input line 86.
LaTeX Font Info:    Checking defaults for OMS/cmsy/m/n on input line 86.
LaTeX Font Info:    ... okay on input line 86.
LaTeX Font Info:    Checking defaults for OT1/cmr/m/n on input line 86.
LaTeX Font Info:    ... okay on input line 86.
LaTeX Font Info:    Checking defaults for T1/cmr/m/n on input line 86.
LaTeX Font Info:    ... okay on input line 86.
LaTeX Font Info:    Checking defaults for TS1/cmr/m/n on input line 86.
LaTeX Font Info:    Trying to load font information for TS1+cmr on input line 8
6.
 (c:/texlive/2019/texmf-dist/tex/latex/base/ts1cmr.fd
File: ts1cmr.fd 2019/12/16 v2.5j Standard LaTeX font definitions
)
LaTeX Font Info:    ... okay on input line 86.
LaTeX Font Info:    Checking defaults for TU/lmr/m/n on input line 86.
LaTeX Font Info:    ... okay on input line 86.
LaTeX Font Info:    Checking defaults for OMX/cmex/m/n on input line 86.
LaTeX Font Info:    ... okay on input line 86.
LaTeX Font Info:    Checking defaults for U/cmr/m/n on input line 86.
LaTeX Font Info:    ... okay on input line 86.
LaTeX Font Info:    Checking defaults for T3/cmr/m/n on input line 86.
LaTeX Font Info:    Trying to load font information for T3+cmr on input line 86
.

(c:/texlive/2019/texmf-dist/tex/latex/tipa/t3cmr.fd
File: t3cmr.fd 2001/12/31 TIPA font definitions
)
LaTeX Font Info:    ... okay on input line 86.
LaTeX Font Info:    Checking defaults for PD1/pdf/m/n on input line 86.
LaTeX Font Info:    ... okay on input line 86.
LaTeX Font Info:    Checking defaults for PU/pdf/m/n on input line 86.
LaTeX Font Info:    ... okay on input line 86.

Package fontspec Info: Adjusting the maths setup (use [no-math] to avoid
(fontspec)             this).

\symlegacymaths=\mathgroup4
LaTeX Font Info:    Overwriting symbol font `legacymaths' in version `bold'
(Font)                  OT1/cmr/m/n --> OT1/cmr/bx/n on input line 86.
LaTeX Font Info:    Redeclaring math accent \acute on input line 86.
LaTeX Font Info:    Redeclaring math accent \grave on input line 86.
LaTeX Font Info:    Redeclaring math accent \ddot on input line 86.
LaTeX Font Info:    Redeclaring math accent \tilde on input line 86.
LaTeX Font Info:    Redeclaring math accent \bar on input line 86.
LaTeX Font Info:    Redeclaring math accent \breve on input line 86.
LaTeX Font Info:    Redeclaring math accent \check on input line 86.
LaTeX Font Info:    Redeclaring math accent \hat on input line 86.
LaTeX Font Info:    Redeclaring math accent \dot on input line 86.
LaTeX Font Info:    Redeclaring math accent \mathring on input line 86.
LaTeX Font Info:    Redeclaring math symbol \Gamma on input line 86.
LaTeX Font Info:    Redeclaring math symbol \Delta on input line 86.
LaTeX Font Info:    Redeclaring math symbol \Theta on input line 86.
LaTeX Font Info:    Redeclaring math symbol \Lambda on input line 86.
LaTeX Font Info:    Redeclaring math symbol \Xi on input line 86.
LaTeX Font Info:    Redeclaring math symbol \Pi on input line 86.
LaTeX Font Info:    Redeclaring math symbol \Sigma on input line 86.
LaTeX Font Info:    Redeclaring math symbol \Upsilon on input line 86.
LaTeX Font Info:    Redeclaring math symbol \Phi on input line 86.
LaTeX Font Info:    Redeclaring math symbol \Psi on input line 86.
LaTeX Font Info:    Redeclaring math symbol \Omega on input line 86.
LaTeX Font Info:    Redeclaring math symbol \mathdollar on input line 86.
LaTeX Font Info:    Redeclaring symbol font `operators' on input line 86.
LaTeX Font Info:    Encoding `OT1' has changed to `TU' for symbol font
(Font)              `operators' in the math version `normal' on input line 86.
LaTeX Font Info:    Overwriting symbol font `operators' in version `normal'
(Font)                  OT1/cmr/m/n --> TU/GFSDidot(0)/m/n on input line 86.
LaTeX Font Info:    Encoding `OT1' has changed to `TU' for symbol font
(Font)              `operators' in the math version `bold' on input line 86.
LaTeX Font Info:    Overwriting symbol font `operators' in version `bold'
(Font)                  OT1/cmr/bx/n --> TU/GFSDidot(0)/m/n on input line 86.
LaTeX Font Info:    Overwriting symbol font `operators' in version `normal'
(Font)                  TU/GFSDidot(0)/m/n --> TU/GFSDidot(0)/m/n on input line
 86.
LaTeX Font Info:    Overwriting math alphabet `\mathit' in version `normal'
(Font)                  OT1/cmr/m/it --> TU/GFSDidot(0)/m/it on input line 86.
LaTeX Font Info:    Overwriting math alphabet `\mathbf' in version `normal'
(Font)                  OT1/cmr/bx/n --> TU/GFSDidot(0)/b/n on input line 86.
LaTeX Font Info:    Overwriting math alphabet `\mathsf' in version `normal'
(Font)                  OT1/cmss/m/n --> TU/lmss/m/n on input line 86.
LaTeX Font Info:    Overwriting math alphabet `\mathtt' in version `normal'
(Font)                  OT1/cmtt/m/n --> TU/lmtt/m/n on input line 86.
LaTeX Font Info:    Overwriting symbol font `operators' in version `bold'
(Font)                  TU/GFSDidot(0)/m/n --> TU/GFSDidot(0)/b/n on input line
 86.
LaTeX Font Info:    Overwriting math alphabet `\mathit' in version `bold'
(Font)                  OT1/cmr/bx/it --> TU/GFSDidot(0)/b/it on input line 86.

LaTeX Font Info:    Overwriting math alphabet `\mathsf' in version `bold'
(Font)                  OT1/cmss/bx/n --> TU/lmss/b/n on input line 86.
LaTeX Font Info:    Overwriting math alphabet `\mathtt' in version `bold'
(Font)                  OT1/cmtt/m/n --> TU/lmtt/b/n on input line 86.
\AtBeginShipoutBox=\box106
Package hyperref Info: Link coloring ON on input line 86.

(c:/texlive/2019/texmf-dist/tex/latex/hyperref/nameref.sty
Package: nameref 2019/09/16 v2.46 Cross-referencing by name of section

(c:/texlive/2019/texmf-dist/tex/latex/refcount/refcount.sty
Package: refcount 2019/12/15 v3.6 Data extraction from label references (HO)
)
(c:/texlive/2019/texmf-dist/tex/generic/gettitlestring/gettitlestring.sty
Package: gettitlestring 2019/12/15 v1.6 Cleanup title references (HO)
)
\c@section@level=\count316
)
LaTeX Info: Redefining \ref on input line 86.
LaTeX Info: Redefining \pageref on input line 86.
LaTeX Info: Redefining \nameref on input line 86.

(./main.out) (./main.out)
\@outlinefile=\write4
\openout4 = `main.out'.


(c:/texlive/2019/texmf-dist/tex/latex/pdflscape/pdflscape.sty
Package: pdflscape 2019/12/05 v0.12 Display of landscape pages in PDF (HO)

(c:/texlive/2019/texmf-dist/tex/latex/graphics/lscape.sty
Package: lscape 2000/10/22 v3.01 Landscape Pages (DPC)
)
Package pdflscape Info: Auto-detected driver: dvipdfm (xetex) on input line 98.

)
ABD: EverySelectfont initializing macros
LaTeX Info: Redefining \selectfont on input line 86.
\c@lstlisting=\count317
 (./titlepage/titlepage.tex
File: image/logo.jpg Graphic file (type bmp)
<image/logo.jpg>

(c:/texlive/2019/texmf-dist/tex/generic/stringenc/se-ascii-print.def
File: se-ascii-print.def 2019/11/29 v1.12 stringenc: Printable ASCII characters

) [1

])
(./license/license.tex
File: license/images/cc-logo.jpg Graphic file (type bmp)
<license/images/cc-logo.jpg>

Underfull \hbox (badness 10000) in paragraph at lines 17--20

 []

File: license/images/cc_by_30.png Graphic file (type bmp)
<license/images/cc_by_30.png>
File: license/images/cc_nc_30.png Graphic file (type bmp)
<license/images/cc_nc_30.png>
File: license/images/cc_sa_30.png Graphic file (type bmp)
<license/images/cc_sa_30.png>
[1]
Underfull \hbox (badness 10000) in paragraph at lines 44--46

 []


Underfull \hbox (badness 10000) in paragraph at lines 47--52

 []

[2]) (./main.toc
Overfull \hbox (10.9441pt too wide) in paragraph at lines 22--22
 [][] [][][]\TU/GFSDidot(0)/m/n/12 Χρήση του attribute onerror με κωδικοποιημέν
ο script 
 []

[3

])
\tf@toc=\write5
\openout5 = `main.toc'.

 [4] (./chapters/intro/intro.tex
Overfull \hbox (10.76009pt too wide) in paragraph at lines 24--25
[]\TU/GFSDidot(0)/m/n/12 CVE-2003-1136 JavaScript in onmouseover attribute in e
-mail address
 []


Package fontspec Info: Font family 'GFSDidot(1)' created for font 'GFS Didot'
(fontspec)             with options
(fontspec)             [Ligatures=TeX,Mapping=tex-text,VerticalPosition=Superio
r].
(fontspec)              
(fontspec)              This font family consists of the following NFSS
(fontspec)             series/shapes:
(fontspec)              
(fontspec)             - 'normal' (m/n) with NFSS spec.: <->"GFS
(fontspec)             Didot/OT:script=latn;language=dflt;+sups;mapping=tex-tex
t;"
(fontspec)             - 'small caps'  (m/sc) with NFSS spec.: <->"GFS
(fontspec)             Didot/OT:script=latn;language=dflt;+sups;+smcp;mapping=t
ex-text;"
(fontspec)             - 'bold' (b/n) with NFSS spec.: <->"GFS
(fontspec)             Didot/B/OT:script=latn;language=dflt;+sups;mapping=tex-t
ext;"
(fontspec)             - 'bold small caps'  (b/sc) with NFSS spec.: 
(fontspec)             - 'italic' (m/it) with NFSS spec.: <->"GFS
(fontspec)             Didot/I/OT:script=latn;language=dflt;+sups;mapping=tex-t
ext;"
(fontspec)             - 'italic small caps'  (m/scit) with NFSS spec.: 
(fontspec)             - 'bold italic' (b/it) with NFSS spec.: <->"GFS
(fontspec)             Didot/BI/OT:script=latn;language=dflt;+sups;mapping=tex-
text;"
(fontspec)             - 'bold italic small caps'  (b/scit) with NFSS spec.: 

)
Overfull \hbox (22.6601pt too wide) in paragraph at lines 30--102
\TU/GFSDidot(0)/m/n/12 οποία επιτρέπει την προσθήκη κώδικα Javascript στα attri
butes onmouseover,
 []

(./chapters/chapter1/chapter1.tex [5]
Overfull \hbox (2.77066pt too wide) in paragraph at lines 16--18
\TU/GFSDidot(0)/m/n/12 Η συγκεκριμένοι τύποι ευπαθείας (CVE-2004-1935 και CVE-2
005-0945)
 []

[6]
File: image/1 script tags.PNG Graphic file (type bmp)
<image/1 script tags.PNG>
File: image/2.PNG Graphic file (type bmp)
<image/2.PNG>
File: image/3.PNG Graphic file (type bmp)
<image/3.PNG>
File: image/4.PNG Graphic file (type bmp)
<image/4.PNG>


Package Fancyhdr Warning: \headheight is too small (14.5pt): 
Make it at least 27.38203pt.
We now make it that large for the rest of the document.
This may cause the page layout to be inconsistent, however.

[7]
File: image/5.PNG Graphic file (type bmp)
<image/5.PNG>

Overfull \hbox (17.22514pt too wide) in paragraph at lines 67--67
[]\TU/GFSDidot(0)/b/n/14.4 XSS εικόνα χρησιμοποιώντας JavaScript directive 
 []

File: image/6.PNG Graphic file (type bmp)
<image/6.PNG>
File: image/7.PNG Graphic file (type bmp)
<image/7.PNG>
File: image/8.PNG Graphic file (type bmp)
<image/8.PNG>
File: image/10.PNG Graphic file (type bmp)
<image/10.PNG>
File: image/11.PNG Graphic file (type bmp)
<image/11.PNG>
[8]
File: image/12.PNG Graphic file (type bmp)
<image/12.PNG>
File: image/13.PNG Graphic file (type bmp)
<image/13.PNG>
File: image/14.PNG Graphic file (type bmp)
<image/14.PNG>
File: image/15.PNG Graphic file (type bmp)
<image/15.PNG>
File: image/16.PNG Graphic file (type bmp)
<image/16.PNG>
File: image/17.PNG Graphic file (type bmp)
<image/17.PNG>
 [9]
File: image/18.PNG Graphic file (type bmp)
<image/18.PNG>
File: image/19.PNG Graphic file (type bmp)
<image/19.PNG>

Overfull \hbox (1.36789pt too wide) in paragraph at lines 126--126
[]\TU/GFSDidot(0)/b/n/14.4 Κωδικοποίηση JavaScript Directive με δεκαδικούς
 []

File: image/20.PNG Graphic file (type bmp)
<image/20.PNG>

Overfull \hbox (1.43988pt too wide) in paragraph at lines 130--130
[]\TU/GFSDidot(0)/b/n/14.4 Κωδικοποίηση JavaScript Directive με δεκαδικούς
 []

File: image/21.PNG Graphic file (type bmp)
<image/21.PNG>
File: image/22.PNG Graphic file (type bmp)
<image/22.PNG>
[10] [11]
File: image/23.PNG Graphic file (type bmp)
<image/23.PNG>
File: image/24.PNG Graphic file (type bmp)
<image/24.PNG>
File: image/25.PNG Graphic file (type bmp)
<image/25.PNG>
 [12]
File: image/26.PNG Graphic file (type bmp)
<image/26.PNG>

Underfull \hbox (badness 10000) in paragraph at lines 189--204

 []

[13]
File: image/27.PNG Graphic file (type bmp)
<image/27.PNG>
File: image/28.PNG Graphic file (type bmp)
<image/28.PNG>
File: image/29.PNG Graphic file (type bmp)
<image/29.PNG>
File: image/30.PNG Graphic file (type bmp)
<image/30.PNG>
 [14]
Underfull \hbox (badness 10000) in paragraph at lines 276--290

 []


Underfull \hbox (badness 10000) in paragraph at lines 292--306

 []

[15]
Overfull \hbox (4.79807pt too wide) in paragraph at lines 315--315
[]\TU/GFSDidot(0)/b/n/17.28 Αντιμετώπιση της αδυναμίας (CWE-83) 
 []

[16]) (./bibliography/bibliography.tex [17]
Underfull \hbox (badness 10000) in paragraph at lines 10--11
[][]$[][][][][] [] [] [] [][][] [] [][][][][] [] [][][] [] [][][][][][][][] [] 
[][][][][][][] [] [][][] [] [][][][] []
 []


Underfull \hbox (badness 1596) in paragraph at lines 13--14
\TU/GFSDidot(0)/m/n/12 remote attackers to inject arbitrary web script or HTML 
via
 []


Underfull \hbox (badness 10000) in paragraph at lines 13--14
[][]$[][][][][] [] [] [] [][][] [] [][][][][] [] [][][] [] [][][][][][][][] [] 
[][][][][][][] [] [][][] [] [][][][] []
 []


Underfull \hbox (badness 10000) in paragraph at lines 19--20
[]\TU/GFSDidot(0)/m/n/12 SCT Campus Pipeline Email Attachment Script Injection
 []


Underfull \hbox (badness 10000) in paragraph at lines 22--23
[][]$[][][][][] [] [] [] [][][] [] [][][][][][][][][][] [] [][][] [] [][][] [] 
[][][][][][][][][][][][][][][] [] [][] []
 []

[18

]
Underfull \hbox (badness 1297) in paragraph at lines 52--53
[]\TU/GFSDidot(0)/m/n/12 Jim Manico, Abdullah Hussam, Michael McCabe, Luke Plan
t,
 []


Overfull \hbox (10.12355pt too wide) in paragraph at lines 52--53
[][]$[][][][][] [] [] [] [][][][][] [] [][][] [] [][][][][][][][][][][][][][] [
] [][][][][][][][][][][][][][][][][][][][][][][][][][][][][][][][]$[][][][] 
 []


Underfull \hbox (badness 10000) in paragraph at lines 58--59
[][]$[][][][][] [] [] [] [][][][][] [] [][][] [] [][][][][][][][][][][][][][] [
] [][][][][] [] [][] [] [][][][][][][][][][][] []
 []


Underfull \hbox (badness 10000) in paragraph at lines 61--62
[][]$[][][][][] [] [] [] [][][][][][][][][][][][][][][][] [] [][][][][] [] [][]
[] [] [][][][][][][][][][][] [] [][][] [] [][][][][] []
 []


Underfull \hbox (badness 10000) in paragraph at lines 64--65
[][]$[][][][][] [] [] [] [][][][][][][][][][][][][][][][] [] [][][] [] [][][][]
 [] [][] [] [][] [] [][][] [] [][][] [] [][][] [] [][][][] []
 []

[19])
Package atveryend Info: Empty hook `BeforeClearDocument' on input line 105.
 [20]
Package atveryend Info: Empty hook `AfterLastShipout' on input line 105.
 (./main.aux)
Package atveryend Info: Empty hook `AtVeryEndDocument' on input line 105.
Package atveryend Info: Executing hook `AtEndAfterFileList' on input line 105.
Package rerunfilecheck Info: File `main.out' has not changed.
(rerunfilecheck)             Checksum: 24E27C089DEA327D263AB2DE704B98C9;3090.
 ) 
Here is how much of TeX's memory you used:
 19742 strings out of 479805
 347454 string characters out of 5896669
 660687 words of memory out of 5000000
 36513 multiletter control sequences out of 15000+600000
 536364 words of font info for 69 fonts, out of 8000000 for 9000
 1348 hyphenation exceptions out of 8191
 51i,12n,80p,811b,529s stack positions out of 5000i,500n,10000p,200000b,80000s

Output written on main.pdf (21 pages).
