This is XeTeX, Version 3.14159265-2.6-0.999991 (TeX Live 2019/W32TeX) (preloaded format=xelatex 2020.4.3)  14 JUN 2020 14:40
entering extended mode
 restricted \write18 enabled.
 %&-line parsing enabled.
**intro.tex
(./intro.tex
LaTeX2e <2020-02-02> patch level 5
L3 programming layer <2020-02-25>

! LaTeX Error: No counter 'chapter' defined.

See the LaTeX manual or LaTeX Companion for explanation.
Type  H <return>  for immediate help.
 ...                                              
                                                  
l.6 \setcounter{chapter}{1}
                           
Your command was ignored.
Type  I <command> <return>  to replace it with another command,
or  <return>  to continue without it.

! Undefined control sequence.
l.7 \section
            {Εισαγωγή}
The control sequence at the end of the top line
of your error message was never \def'ed. If you have
misspelled it (e.g., `\hobx'), type `I' and the correct
spelling (e.g., `I\hbox'). Otherwise just continue,
and I'll forget about whatever was undefined.


! LaTeX Error: Missing \begin{document}.

See the LaTeX manual or LaTeX Companion for explanation.
Type  H <return>  for immediate help.
 ...                                              
                                                  
l.7 \section{Ε
              ισαγωγή}
You're in trouble here.  Try typing  <return>  to proceed.
If that doesn't work, type  X <return>  to quit.

Missing character: There is no Ε in font nullfont!
Missing character: There is no ι in font nullfont!
Missing character: There is no σ in font nullfont!
Missing character: There is no α in font nullfont!
Missing character: There is no γ in font nullfont!
Missing character: There is no ω in font nullfont!
Missing character: There is no γ in font nullfont!
Missing character: There is no ή in font nullfont!
! Undefined control sequence.
l.8 \subsection
               {Περιγραφή της κοινής αδυναμίας}
The control sequence at the end of the top line
of your error message was never \def'ed. If you have
misspelled it (e.g., `\hobx'), type `I' and the correct
spelling (e.g., `I\hbox'). Otherwise just continue,
and I'll forget about whatever was undefined.

Missing character: There is no Π in font nullfont!
Missing character: There is no ε in font nullfont!
Missing character: There is no ρ in font nullfont!
Missing character: There is no ι in font nullfont!
Missing character: There is no γ in font nullfont!
Missing character: There is no ρ in font nullfont!
Missing character: There is no α in font nullfont!
Missing character: There is no φ in font nullfont!
Missing character: There is no ή in font nullfont!
Missing character: There is no τ in font nullfont!
Missing character: There is no η in font nullfont!
Missing character: There is no ς in font nullfont!
Missing character: There is no κ in font nullfont!
Missing character: There is no ο in font nullfont!
Missing character: There is no ι in font nullfont!
Missing character: There is no ν in font nullfont!
Missing character: There is no ή in font nullfont!
Missing character: There is no ς in font nullfont!
Missing character: There is no α in font nullfont!
Missing character: There is no δ in font nullfont!
Missing character: There is no υ in font nullfont!
Missing character: There is no ν in font nullfont!
Missing character: There is no α in font nullfont!
Missing character: There is no μ in font nullfont!
Missing character: There is no ί in font nullfont!
Missing character: There is no α in font nullfont!
Missing character: There is no ς in font nullfont!
Missing character: There is no Ο in font nullfont!
Missing character: There is no σ in font nullfont!
Missing character: There is no υ in font nullfont!
Missing character: There is no γ in font nullfont!
Missing character: There is no κ in font nullfont!
Missing character: There is no ε in font nullfont!
Missing character: There is no κ in font nullfont!
Missing character: There is no ρ in font nullfont!
Missing character: There is no ι in font nullfont!
Missing character: There is no μ in font nullfont!
Missing character: There is no έ in font nullfont!
Missing character: There is no ν in font nullfont!
Missing character: There is no ο in font nullfont!
Missing character: There is no ς in font nullfont!
Missing character: There is no τ in font nullfont!
Missing character: There is no ύ in font nullfont!
Missing character: There is no π in font nullfont!
Missing character: There is no ο in font nullfont!
Missing character: There is no ς in font nullfont!
Missing character: There is no α in font nullfont!
Missing character: There is no δ in font nullfont!
Missing character: There is no υ in font nullfont!
Missing character: There is no ν in font nullfont!
Missing character: There is no α in font nullfont!
Missing character: There is no μ in font nullfont!
Missing character: There is no ί in font nullfont!
Missing character: There is no α in font nullfont!
Missing character: There is no ς in font nullfont!
Missing character: There is no π in font nullfont!
Missing character: There is no ε in font nullfont!
Missing character: There is no ρ in font nullfont!
Missing character: There is no ι in font nullfont!
Missing character: There is no γ in font nullfont!
Missing character: There is no ρ in font nullfont!
Missing character: There is no ά in font nullfont!
Missing character: There is no φ in font nullfont!
Missing character: There is no ε in font nullfont!
Missing character: There is no ι in font nullfont!
Missing character: There is no τ in font nullfont!
Missing character: There is no η in font nullfont!
Missing character: There is no ν in font nullfont!
Missing character: There is no ε in font nullfont!
Missing character: There is no υ in font nullfont!
Missing character: There is no π in font nullfont!
Missing character: There is no ά in font nullfont!
Missing character: There is no θ in font nullfont!
Missing character: There is no ε in font nullfont!
Missing character: There is no ι in font nullfont!
Missing character: There is no α in font nullfont!
Missing character: There is no μ in font nullfont!
Missing character: There is no ε in font nullfont!
Missing character: There is no ρ in font nullfont!
Missing character: There is no ι in font nullfont!
Missing character: There is no κ in font nullfont!
Missing character: There is no ώ in font nullfont!
Missing character: There is no ν in font nullfont!
Missing character: There is no ι in font nullfont!
Missing character: There is no σ in font nullfont!
Missing character: There is no τ in font nullfont!
Missing character: There is no ο in font nullfont!
Missing character: There is no τ in font nullfont!
Missing character: There is no ό in font nullfont!
Missing character: There is no π in font nullfont!
Missing character: There is no ω in font nullfont!
Missing character: There is no ν in font nullfont!
Missing character: There is no π in font nullfont!
Missing character: There is no ο in font nullfont!
Missing character: There is no υ in font nullfont!
Missing character: There is no ε in font nullfont!
Missing character: There is no π in font nullfont!
Missing character: There is no ι in font nullfont!
Missing character: There is no τ in font nullfont!
Missing character: There is no ρ in font nullfont!
Missing character: There is no έ in font nullfont!
Missing character: There is no π in font nullfont!
Missing character: There is no ο in font nullfont!
Missing character: There is no υ in font nullfont!
Missing character: There is no ν in font nullfont!
Missing character: There is no τ in font nullfont!
Missing character: There is no η in font nullfont!
Missing character: There is no ν in font nullfont!
Missing character: There is no ε in font nullfont!
Missing character: There is no κ in font nullfont!
Missing character: There is no τ in font nullfont!
Missing character: There is no ε in font nullfont!
Missing character: There is no λ in font nullfont!
Missing character: There is no έ in font nullfont!
Missing character: There is no σ in font nullfont!
Missing character: There is no ε in font nullfont!
Missing character: There is no ι in font nullfont!
Missing character: There is no κ in font nullfont!
Missing character: There is no ώ in font nullfont!
Missing character: There is no δ in font nullfont!
Missing character: There is no ι in font nullfont!
Missing character: There is no κ in font nullfont!
Missing character: There is no α in font nullfont!
Missing character: There is no J in font nullfont!
Missing character: There is no a in font nullfont!
Missing character: There is no v in font nullfont!
Missing character: There is no a in font nullfont!
Missing character: There is no S in font nullfont!
Missing character: There is no c in font nullfont!
Missing character: There is no r in font nullfont!
Missing character: There is no i in font nullfont!
Missing character: There is no p in font nullfont!
Missing character: There is no t in font nullfont!
Missing character: There is no μ in font nullfont!
Missing character: There is no έ in font nullfont!
Missing character: There is no σ in font nullfont!
Missing character: There is no ω in font nullfont!
Missing character: There is no τ in font nullfont!
Missing character: There is no ω in font nullfont!
Missing character: There is no ν in font nullfont!
Missing character: There is no a in font nullfont!
Missing character: There is no t in font nullfont!
Missing character: There is no t in font nullfont!
Missing character: There is no r in font nullfont!
Missing character: There is no i in font nullfont!
Missing character: There is no b in font nullfont!
Missing character: There is no u in font nullfont!
Missing character: There is no t in font nullfont!
Missing character: There is no e in font nullfont!
Missing character: There is no s in font nullfont!
Missing character: There is no δ in font nullfont!
Missing character: There is no ι in font nullfont!
Missing character: There is no ά in font nullfont!
Missing character: There is no φ in font nullfont!
Missing character: There is no ο in font nullfont!
Missing character: There is no ρ in font nullfont!
Missing character: There is no ω in font nullfont!
Missing character: There is no ν in font nullfont!
Missing character: There is no h in font nullfont!
Missing character: There is no t in font nullfont!
Missing character: There is no m in font nullfont!
Missing character: There is no l in font nullfont!
Missing character: There is no t in font nullfont!
Missing character: There is no a in font nullfont!
Missing character: There is no g in font nullfont!
Missing character: There is no s in font nullfont!
Missing character: There is no ο in font nullfont!
Missing character: There is no π in font nullfont!
Missing character: There is no ό in font nullfont!
Missing character: There is no ς in font nullfont!
Missing character: There is no τ in font nullfont!
Missing character: There is no α in font nullfont!
Missing character: There is no o in font nullfont!
Missing character: There is no n in font nullfont!
Missing character: There is no m in font nullfont!
Missing character: There is no o in font nullfont!
Missing character: There is no u in font nullfont!
Missing character: There is no s in font nullfont!
Missing character: There is no e in font nullfont!
Missing character: There is no o in font nullfont!
Missing character: There is no v in font nullfont!
Missing character: There is no e in font nullfont!
Missing character: There is no r in font nullfont!
Missing character: There is no , in font nullfont!
Missing character: There is no o in font nullfont!
Missing character: There is no n in font nullfont!
Missing character: There is no l in font nullfont!
Missing character: There is no o in font nullfont!
Missing character: There is no a in font nullfont!
Missing character: There is no d in font nullfont!
Missing character: There is no , in font nullfont!
Missing character: There is no o in font nullfont!
Missing character: There is no n in font nullfont!
Missing character: There is no e in font nullfont!
Missing character: There is no r in font nullfont!
Missing character: There is no r in font nullfont!
Missing character: There is no o in font nullfont!
Missing character: There is no r in font nullfont!
Missing character: There is no , in font nullfont!
Missing character: There is no s in font nullfont!
Missing character: There is no t in font nullfont!
Missing character: There is no y in font nullfont!
Missing character: There is no l in font nullfont!
Missing character: There is no e in font nullfont!
Missing character: There is no . in font nullfont!
Missing character: There is no Τ in font nullfont!
Missing character: There is no ο in font nullfont!
Missing character: There is no ο in font nullfont!
Missing character: There is no π in font nullfont!
Missing character: There is no ο in font nullfont!
Missing character: There is no ί in font nullfont!
Missing character: There is no ο in font nullfont!
Missing character: There is no ε in font nullfont!
Missing character: There is no π in font nullfont!
Missing character: There is no ι in font nullfont!
Missing character: There is no τ in font nullfont!
Missing character: There is no υ in font nullfont!
Missing character: There is no γ in font nullfont!
Missing character: There is no χ in font nullfont!
Missing character: There is no ά in font nullfont!
Missing character: There is no ν in font nullfont!
Missing character: There is no ε in font nullfont!
Missing character: There is no τ in font nullfont!
Missing character: There is no α in font nullfont!
Missing character: There is no ι in font nullfont!
Missing character: There is no λ in font nullfont!
Missing character: There is no ό in font nullfont!
Missing character: There is no γ in font nullfont!
Missing character: There is no ο in font nullfont!
Missing character: There is no τ in font nullfont!
Missing character: There is no ο in font nullfont!
Missing character: There is no υ in font nullfont!
Missing character: There is no ό in font nullfont!
Missing character: There is no τ in font nullfont!
Missing character: There is no ι in font nullfont!
Missing character: There is no δ in font nullfont!
Missing character: There is no ε in font nullfont!
Missing character: There is no ν in font nullfont!
Missing character: There is no φ in font nullfont!
Missing character: There is no ι in font nullfont!
Missing character: There is no λ in font nullfont!
Missing character: There is no τ in font nullfont!
Missing character: There is no ρ in font nullfont!
Missing character: There is no ά in font nullfont!
Missing character: There is no ρ in font nullfont!
Missing character: There is no ο in font nullfont!
Missing character: There is no υ in font nullfont!
Missing character: There is no ν in font nullfont!
Missing character: There is no , in font nullfont!
Missing character: There is no ε in font nullfont!
Missing character: There is no ξ in font nullfont!
Missing character: There is no ο in font nullfont!
Missing character: There is no υ in font nullfont!
Missing character: There is no δ in font nullfont!
Missing character: There is no ε in font nullfont!
Missing character: There is no τ in font nullfont!
Missing character: There is no ε in font nullfont!
Missing character: There is no ρ in font nullfont!
Missing character: There is no ώ in font nullfont!
Missing character: There is no ν in font nullfont!
Missing character: There is no ο in font nullfont!
Missing character: There is no υ in font nullfont!
Missing character: There is no ν in font nullfont!
Missing character: There is no τ in font nullfont!
Missing character: There is no η in font nullfont!
Missing character: There is no ν in font nullfont!
Missing character: There is no J in font nullfont!
Missing character: There is no a in font nullfont!
Missing character: There is no v in font nullfont!
Missing character: There is no a in font nullfont!
Missing character: There is no S in font nullfont!
Missing character: There is no c in font nullfont!
Missing character: There is no r in font nullfont!
Missing character: There is no i in font nullfont!
Missing character: There is no p in font nullfont!
Missing character: There is no t in font nullfont!
Missing character: There is no η in font nullfont!
Missing character: There is no τ in font nullfont!
Missing character: There is no α in font nullfont!
Missing character: There is no U in font nullfont!
Missing character: There is no R in font nullfont!
Missing character: There is no I in font nullfont!
Missing character: There is no s in font nullfont!
Missing character: There is no α in font nullfont!
Missing character: There is no π in font nullfont!
Missing character: There is no ό in font nullfont!
Missing character: There is no τ in font nullfont!
Missing character: There is no α in font nullfont!
Missing character: There is no δ in font nullfont!
Missing character: There is no ι in font nullfont!
Missing character: There is no α in font nullfont!
Missing character: There is no φ in font nullfont!
Missing character: There is no ο in font nullfont!
Missing character: There is no ρ in font nullfont!
Missing character: There is no ά in font nullfont!
Missing character: There is no ε in font nullfont!
Missing character: There is no π in font nullfont!
Missing character: There is no ι in font nullfont!
Missing character: There is no κ in font nullfont!
Missing character: There is no ί in font nullfont!
Missing character: There is no ν in font nullfont!
Missing character: There is no δ in font nullfont!
Missing character: There is no υ in font nullfont!
Missing character: There is no ν in font nullfont!
Missing character: There is no α in font nullfont!
Missing character: There is no a in font nullfont!
Missing character: There is no t in font nullfont!
Missing character: There is no t in font nullfont!
Missing character: There is no r in font nullfont!
Missing character: There is no i in font nullfont!
Missing character: There is no b in font nullfont!
Missing character: There is no u in font nullfont!
Missing character: There is no t in font nullfont!
Missing character: There is no e in font nullfont!
Missing character: There is no s in font nullfont!
Missing character: There is no ε in font nullfont!
Missing character: There is no ί in font nullfont!
Missing character: There is no τ in font nullfont!
Missing character: There is no ε in font nullfont!
Missing character: There is no τ in font nullfont!
Missing character: There is no ο in font nullfont!
Missing character: There is no κ in font nullfont!
Missing character: There is no ά in font nullfont!
Missing character: There is no ν in font nullfont!
Missing character: There is no ο in font nullfont!
Missing character: There is no υ in font nullfont!
Missing character: There is no ν in font nullfont!
Missing character: There is no ε in font nullfont!
Missing character: There is no σ in font nullfont!
Missing character: There is no φ in font nullfont!
Missing character: There is no α in font nullfont!
Missing character: There is no λ in font nullfont!
Missing character: There is no μ in font nullfont!
Missing character: There is no έ in font nullfont!
Missing character: There is no ν in font nullfont!
Missing character: There is no α in font nullfont!
Missing character: There is no . in font nullfont!

Overfull \hbox (20.0pt too wide) in paragraph at lines 7--12
[]
 []


! LaTeX Error: Missing \begin{document}.

See the LaTeX manual or LaTeX Companion for explanation.
Type  H <return>  for immediate help.
 ...                                              
                                                  
l.13 \noindent
              
You're in trouble here.  Try typing  <return>  to proceed.
If that doesn't work, type  X <return>  to quit.

Missing character: There is no Μ in font nullfont!
Missing character: There is no ε in font nullfont!
Missing character: There is no ρ in font nullfont!
Missing character: There is no ι in font nullfont!
Missing character: There is no κ in font nullfont!
Missing character: There is no ά in font nullfont!
Missing character: There is no π in font nullfont!
Missing character: There is no α in font nullfont!
Missing character: There is no ρ in font nullfont!
Missing character: There is no α in font nullfont!
Missing character: There is no δ in font nullfont!
Missing character: There is no ε in font nullfont!
Missing character: There is no ί in font nullfont!
Missing character: There is no γ in font nullfont!
Missing character: There is no μ in font nullfont!
Missing character: There is no α in font nullfont!
Missing character: There is no τ in font nullfont!
Missing character: There is no α in font nullfont!
Missing character: There is no α in font nullfont!
Missing character: There is no π in font nullfont!
Missing character: There is no ό in font nullfont!
Missing character: There is no ε in font nullfont!
Missing character: There is no υ in font nullfont!
Missing character: There is no π in font nullfont!
Missing character: There is no ά in font nullfont!
Missing character: There is no θ in font nullfont!
Missing character: There is no ε in font nullfont!
Missing character: There is no ι in font nullfont!
Missing character: There is no ε in font nullfont!
Missing character: There is no ς in font nullfont!
Missing character: There is no π in font nullfont!
Missing character: There is no ο in font nullfont!
Missing character: There is no υ in font nullfont!
Missing character: There is no έ in font nullfont!
Missing character: There is no χ in font nullfont!
Missing character: There is no ο in font nullfont!
Missing character: There is no υ in font nullfont!
Missing character: There is no ν in font nullfont!
Missing character: There is no π in font nullfont!
Missing character: There is no α in font nullfont!
Missing character: There is no ρ in font nullfont!
Missing character: There is no α in font nullfont!
Missing character: There is no τ in font nullfont!
Missing character: There is no η in font nullfont!
Missing character: There is no ρ in font nullfont!
Missing character: There is no η in font nullfont!
Missing character: There is no θ in font nullfont!
Missing character: There is no ε in font nullfont!
Missing character: There is no ί in font nullfont!
Missing character: There is no ε in font nullfont!
Missing character: There is no ί in font nullfont!
Missing character: There is no ν in font nullfont!
Missing character: There is no α in font nullfont!
Missing character: There is no ι in font nullfont!
Missing character: There is no τ in font nullfont!
Missing character: There is no α in font nullfont!
Missing character: There is no π in font nullfont!
Missing character: There is no α in font nullfont!
Missing character: There is no ρ in font nullfont!
Missing character: There is no α in font nullfont!
Missing character: There is no κ in font nullfont!
Missing character: There is no ά in font nullfont!
Missing character: There is no τ in font nullfont!
Missing character: There is no ω in font nullfont!

! LaTeX Error: Missing \begin{document}.

See the LaTeX manual or LaTeX Companion for explanation.
Type  H <return>  for immediate help.
 ...                                              
                                                  
l.16 \begin{itemize}
                    
You're in trouble here.  Try typing  <return>  to proceed.
If that doesn't work, type  X <return>  to quit.


Overfull \hbox (20.0pt too wide) in paragraph at lines 16--16
[] 
 []

Missing character: There is no C in font nullfont!
Missing character: There is no V in font nullfont!
Missing character: There is no E in font nullfont!
Missing character: There is no - in font nullfont!
Missing character: There is no 2 in font nullfont!
Missing character: There is no 0 in font nullfont!
Missing character: There is no 0 in font nullfont!
Missing character: There is no 1 in font nullfont!
Missing character: There is no - in font nullfont!
Missing character: There is no 0 in font nullfont!
Missing character: There is no 5 in font nullfont!
Missing character: There is no 2 in font nullfont!
Missing character: There is no 0 in font nullfont!
Missing character: There is no B in font nullfont!
Missing character: There is no y in font nullfont!
Missing character: There is no p in font nullfont!
Missing character: There is no a in font nullfont!
Missing character: There is no s in font nullfont!
Missing character: There is no s in font nullfont!
Missing character: There is no f in font nullfont!
Missing character: There is no i in font nullfont!
Missing character: There is no l in font nullfont!
Missing character: There is no t in font nullfont!
Missing character: There is no e in font nullfont!
Missing character: There is no r in font nullfont!
Missing character: There is no i in font nullfont!
Missing character: There is no n in font nullfont!
Missing character: There is no g in font nullfont!
Missing character: There is no o in font nullfont!
Missing character: There is no f in font nullfont!
Missing character: There is no S in font nullfont!
Missing character: There is no C in font nullfont!
Missing character: There is no R in font nullfont!
Missing character: There is no I in font nullfont!
Missing character: There is no P in font nullfont!
Missing character: There is no T in font nullfont!
Missing character: There is no t in font nullfont!
Missing character: There is no a in font nullfont!
Missing character: There is no g in font nullfont!
Missing character: There is no s in font nullfont!
Missing character: There is no u in font nullfont!
Missing character: There is no s in font nullfont!
Missing character: There is no i in font nullfont!
Missing character: There is no n in font nullfont!
Missing character: There is no g in font nullfont!
Missing character: There is no o in font nullfont!
Missing character: There is no n in font nullfont!
Missing character: There is no l in font nullfont!
Missing character: There is no o in font nullfont!
Missing character: There is no a in font nullfont!
Missing character: There is no d in font nullfont!
Missing character: There is no i in font nullfont!
Missing character: There is no n in font nullfont!
Missing character: There is no B in font nullfont!
Missing character: There is no O in font nullfont!
Missing character: There is no D in font nullfont!
Missing character: There is no Y in font nullfont!
Missing character: There is no , in font nullfont!
Missing character: There is no h in font nullfont!
Missing character: There is no r in font nullfont!
Missing character: There is no e in font nullfont!
Missing character: There is no f in font nullfont!
Missing character: There is no i in font nullfont!
Missing character: There is no n in font nullfont!
Missing character: There is no A in font nullfont!
Missing character: There is no , in font nullfont!
Missing character: There is no B in font nullfont!
Missing character: There is no U in font nullfont!
Missing character: There is no T in font nullfont!
Missing character: There is no T in font nullfont!
Missing character: There is no O in font nullfont!
Missing character: There is no N in font nullfont!
Missing character: There is no , in font nullfont!
Missing character: There is no I in font nullfont!
Missing character: There is no N in font nullfont!
Missing character: There is no P in font nullfont!
Missing character: There is no U in font nullfont!
Missing character: There is no T in font nullfont!
Missing character: There is no , in font nullfont!
Missing character: There is no a in font nullfont!
Missing character: There is no n in font nullfont!
Missing character: There is no d in font nullfont!
Missing character: There is no o in font nullfont!
Missing character: There is no t in font nullfont!
Missing character: There is no h in font nullfont!
Missing character: There is no e in font nullfont!
Missing character: There is no r in font nullfont!
Missing character: There is no s in font nullfont!
Missing character: There is no . in font nullfont!
Missing character: There is no C in font nullfont!
Missing character: There is no V in font nullfont!
Missing character: There is no E in font nullfont!
Missing character: There is no - in font nullfont!
Missing character: There is no 2 in font nullfont!
Missing character: There is no 0 in font nullfont!
Missing character: There is no 0 in font nullfont!
Missing character: There is no 2 in font nullfont!
Missing character: There is no - in font nullfont!
Missing character: There is no 1 in font nullfont!
Missing character: There is no 4 in font nullfont!
Missing character: There is no 9 in font nullfont!
Missing character: There is no 3 in font nullfont!
Missing character: There is no g in font nullfont!
Missing character: There is no u in font nullfont!
Missing character: There is no e in font nullfont!
Missing character: There is no s in font nullfont!
Missing character: There is no t in font nullfont!
Missing character: There is no b in font nullfont!
Missing character: There is no o in font nullfont!
Missing character: There is no o in font nullfont!
Missing character: There is no k in font nullfont!
Missing character: There is no X in font nullfont!
Missing character: There is no S in font nullfont!
Missing character: There is no S in font nullfont!
Missing character: There is no i in font nullfont!
Missing character: There is no n in font nullfont!
Missing character: There is no S in font nullfont!
Missing character: There is no T in font nullfont!
Missing character: There is no Y in font nullfont!
Missing character: There is no L in font nullfont!
Missing character: There is no E in font nullfont!
Missing character: There is no o in font nullfont!
Missing character: There is no r in font nullfont!
Missing character: There is no I in font nullfont!
Missing character: There is no M in font nullfont!
Missing character: There is no G in font nullfont!
Missing character: There is no S in font nullfont!
Missing character: There is no R in font nullfont!
Missing character: There is no C in font nullfont!
Missing character: There is no a in font nullfont!
Missing character: There is no t in font nullfont!
Missing character: There is no t in font nullfont!
Missing character: There is no r in font nullfont!
Missing character: There is no i in font nullfont!
Missing character: There is no b in font nullfont!
Missing character: There is no u in font nullfont!
Missing character: There is no t in font nullfont!
Missing character: There is no e in font nullfont!
Missing character: There is no s in font nullfont!
Missing character: There is no . in font nullfont!
Missing character: There is no C in font nullfont!
Missing character: There is no V in font nullfont!
Missing character: There is no E in font nullfont!
Missing character: There is no - in font nullfont!
Missing character: There is no 2 in font nullfont!
Missing character: There is no 0 in font nullfont!
Missing character: There is no 0 in font nullfont!
Missing character: There is no 2 in font nullfont!
Missing character: There is no - in font nullfont!
Missing character: There is no 1 in font nullfont!
Missing character: There is no 9 in font nullfont!
Missing character: There is no 6 in font nullfont!
Missing character: There is no 5 in font nullfont!
Missing character: There is no J in font nullfont!
Missing character: There is no a in font nullfont!
Missing character: There is no v in font nullfont!
Missing character: There is no a in font nullfont!
Missing character: There is no S in font nullfont!
Missing character: There is no c in font nullfont!
Missing character: There is no r in font nullfont!
Missing character: There is no i in font nullfont!
Missing character: There is no p in font nullfont!
Missing character: There is no t in font nullfont!
Missing character: There is no i in font nullfont!
Missing character: There is no n in font nullfont!
Missing character: There is no o in font nullfont!
Missing character: There is no n in font nullfont!
Missing character: There is no e in font nullfont!
Missing character: There is no r in font nullfont!
Missing character: There is no r in font nullfont!
Missing character: There is no o in font nullfont!
Missing character: There is no r in font nullfont!
Missing character: There is no a in font nullfont!
Missing character: There is no t in font nullfont!
Missing character: There is no t in font nullfont!
Missing character: There is no r in font nullfont!
Missing character: There is no i in font nullfont!
Missing character: There is no b in font nullfont!
Missing character: There is no u in font nullfont!
Missing character: There is no t in font nullfont!
Missing character: There is no e in font nullfont!
Missing character: There is no o in font nullfont!
Missing character: There is no f in font nullfont!
Missing character: There is no I in font nullfont!
Missing character: There is no M in font nullfont!
Missing character: There is no G in font nullfont!
Missing character: There is no t in font nullfont!
Missing character: There is no a in font nullfont!
Missing character: There is no g in font nullfont!
Missing character: There is no . in font nullfont!
Missing character: There is no C in font nullfont!
Missing character: There is no V in font nullfont!
Missing character: There is no E in font nullfont!
Missing character: There is no - in font nullfont!
Missing character: There is no 2 in font nullfont!
Missing character: There is no 0 in font nullfont!
Missing character: There is no 0 in font nullfont!
Missing character: There is no 2 in font nullfont!
Missing character: There is no - in font nullfont!
Missing character: There is no 1 in font nullfont!
Missing character: There is no 4 in font nullfont!
Missing character: There is no 9 in font nullfont!
Missing character: There is no 5 in font nullfont!
Missing character: There is no X in font nullfont!
Missing character: There is no S in font nullfont!
Missing character: There is no S in font nullfont!
Missing character: There is no i in font nullfont!
Missing character: There is no n in font nullfont!
Missing character: There is no w in font nullfont!
Missing character: There is no e in font nullfont!
Missing character: There is no b in font nullfont!
Missing character: There is no - in font nullfont!
Missing character: There is no b in font nullfont!
Missing character: There is no a in font nullfont!
Missing character: There is no s in font nullfont!
Missing character: There is no e in font nullfont!
Missing character: There is no d in font nullfont!
Missing character: There is no e in font nullfont!
Missing character: There is no m in font nullfont!
Missing character: There is no a in font nullfont!
Missing character: There is no i in font nullfont!
Missing character: There is no l in font nullfont!
Missing character: There is no p in font nullfont!
Missing character: There is no r in font nullfont!
Missing character: There is no o in font nullfont!
Missing character: There is no d in font nullfont!
Missing character: There is no u in font nullfont!
Missing character: There is no c in font nullfont!
Missing character: There is no t in font nullfont!
Missing character: There is no v in font nullfont!
Missing character: There is no i in font nullfont!
Missing character: There is no a in font nullfont!
Missing character: There is no o in font nullfont!
Missing character: There is no n in font nullfont!
Missing character: There is no m in font nullfont!
Missing character: There is no o in font nullfont!
Missing character: There is no u in font nullfont!
Missing character: There is no s in font nullfont!
Missing character: There is no e in font nullfont!
Missing character: There is no o in font nullfont!
Missing character: There is no v in font nullfont!
Missing character: There is no e in font nullfont!
Missing character: There is no r in font nullfont!
Missing character: There is no e in font nullfont!
Missing character: There is no v in font nullfont!
Missing character: There is no e in font nullfont!
Missing character: There is no n in font nullfont!
Missing character: There is no t in font nullfont!
Missing character: There is no . in font nullfont!
Missing character: There is no C in font nullfont!
Missing character: There is no V in font nullfont!
Missing character: There is no E in font nullfont!
Missing character: There is no - in font nullfont!
Missing character: There is no 2 in font nullfont!
Missing character: There is no 0 in font nullfont!
Missing character: There is no 0 in font nullfont!
Missing character: There is no 2 in font nullfont!
Missing character: There is no - in font nullfont!
Missing character: There is no 1 in font nullfont!
Missing character: There is no 6 in font nullfont!
Missing character: There is no 8 in font nullfont!
Missing character: There is no 1 in font nullfont!
Missing character: There is no X in font nullfont!
Missing character: There is no S in font nullfont!
Missing character: There is no S in font nullfont!
Missing character: There is no v in font nullfont!
Missing character: There is no i in font nullfont!
Missing character: There is no a in font nullfont!
Missing character: There is no s in font nullfont!
Missing character: There is no c in font nullfont!
Missing character: There is no r in font nullfont!
Missing character: There is no i in font nullfont!
Missing character: There is no p in font nullfont!
Missing character: There is no t in font nullfont!
Missing character: There is no i in font nullfont!
Missing character: There is no n in font nullfont!
Missing character: There is no < in font nullfont!
Missing character: There is no P in font nullfont!
Missing character: There is no > in font nullfont!
Missing character: There is no t in font nullfont!
Missing character: There is no a in font nullfont!
Missing character: There is no g in font nullfont!
Missing character: There is no . in font nullfont!
Missing character: There is no C in font nullfont!
Missing character: There is no V in font nullfont!
Missing character: There is no E in font nullfont!
Missing character: There is no - in font nullfont!
Missing character: There is no 2 in font nullfont!
Missing character: There is no 0 in font nullfont!
Missing character: There is no 0 in font nullfont!
Missing character: There is no 4 in font nullfont!
Missing character: There is no - in font nullfont!
Missing character: There is no 1 in font nullfont!
Missing character: There is no 9 in font nullfont!
Missing character: There is no 3 in font nullfont!
Missing character: There is no 5 in font nullfont!
Missing character: There is no O in font nullfont!
Missing character: There is no n in font nullfont!
Missing character: There is no l in font nullfont!
Missing character: There is no o in font nullfont!
Missing character: There is no a in font nullfont!
Missing character: There is no d in font nullfont!
Missing character: There is no , in font nullfont!
Missing character: There is no o in font nullfont!
Missing character: There is no n in font nullfont!
Missing character: There is no m in font nullfont!
Missing character: There is no o in font nullfont!
Missing character: There is no u in font nullfont!
Missing character: There is no s in font nullfont!
Missing character: There is no e in font nullfont!
Missing character: There is no o in font nullfont!
Missing character: There is no v in font nullfont!
Missing character: There is no e in font nullfont!
Missing character: There is no r in font nullfont!
Missing character: There is no , in font nullfont!
Missing character: There is no a in font nullfont!
Missing character: There is no n in font nullfont!
Missing character: There is no d in font nullfont!
Missing character: There is no o in font nullfont!
Missing character: There is no t in font nullfont!
Missing character: There is no h in font nullfont!
Missing character: There is no e in font nullfont!
Missing character: There is no r in font nullfont!
Missing character: There is no e in font nullfont!
Missing character: There is no v in font nullfont!
Missing character: There is no e in font nullfont!
Missing character: There is no n in font nullfont!
Missing character: There is no t in font nullfont!
Missing character: There is no s in font nullfont!
Missing character: There is no i in font nullfont!
Missing character: There is no n in font nullfont!
Missing character: There is no a in font nullfont!
Missing character: There is no n in font nullfont!
Missing character: There is no e in font nullfont!
Missing character: There is no - in font nullfont!
Missing character: There is no m in font nullfont!
Missing character: There is no a in font nullfont!
Missing character: There is no i in font nullfont!
Missing character: There is no l in font nullfont!
Missing character: There is no a in font nullfont!
Missing character: There is no t in font nullfont!
Missing character: There is no t in font nullfont!
Missing character: There is no a in font nullfont!
Missing character: There is no c in font nullfont!
Missing character: There is no h in font nullfont!
Missing character: There is no m in font nullfont!
Missing character: There is no e in font nullfont!
Missing character: There is no n in font nullfont!
Missing character: There is no t in font nullfont!
Missing character: There is no . in font nullfont!
Missing character: There is no C in font nullfont!
Missing character: There is no V in font nullfont!
Missing character: There is no E in font nullfont!
Missing character: There is no - in font nullfont!
Missing character: There is no 2 in font nullfont!
Missing character: There is no 0 in font nullfont!
Missing character: There is no 0 in font nullfont!
Missing character: There is no 5 in font nullfont!
Missing character: There is no - in font nullfont!
Missing character: There is no 0 in font nullfont!
Missing character: There is no 9 in font nullfont!
Missing character: There is no 4 in font nullfont!
Missing character: There is no 5 in font nullfont!
Missing character: There is no O in font nullfont!
Missing character: There is no n in font nullfont!
Missing character: There is no m in font nullfont!
Missing character: There is no o in font nullfont!
Missing character: There is no u in font nullfont!
Missing character: There is no s in font nullfont!
Missing character: There is no e in font nullfont!
Missing character: There is no o in font nullfont!
Missing character: There is no v in font nullfont!
Missing character: There is no e in font nullfont!
Missing character: There is no r in font nullfont!
Missing character: There is no a in font nullfont!
Missing character: There is no n in font nullfont!
Missing character: There is no d in font nullfont!
Missing character: There is no o in font nullfont!
Missing character: There is no n in font nullfont!
Missing character: There is no l in font nullfont!
Missing character: There is no o in font nullfont!
Missing character: There is no a in font nullfont!
Missing character: There is no d in font nullfont!
Missing character: There is no e in font nullfont!
Missing character: There is no v in font nullfont!
Missing character: There is no e in font nullfont!
Missing character: There is no n in font nullfont!
Missing character: There is no t in font nullfont!
Missing character: There is no s in font nullfont!
Missing character: There is no i in font nullfont!
Missing character: There is no n in font nullfont!
Missing character: There is no i in font nullfont!
Missing character: There is no m in font nullfont!
Missing character: There is no g in font nullfont!
Missing character: There is no , in font nullfont!
Missing character: There is no l in font nullfont!
Missing character: There is no i in font nullfont!
Missing character: There is no n in font nullfont!
Missing character: There is no k in font nullfont!
Missing character: There is no , in font nullfont!
Missing character: There is no a in font nullfont!
Missing character: There is no n in font nullfont!
Missing character: There is no d in font nullfont!
Missing character: There is no m in font nullfont!
Missing character: There is no a in font nullfont!
Missing character: There is no i in font nullfont!
Missing character: There is no l in font nullfont!
Missing character: There is no t in font nullfont!
Missing character: There is no a in font nullfont!
Missing character: There is no g in font nullfont!
Missing character: There is no s in font nullfont!
Missing character: There is no . in font nullfont!
Missing character: There is no C in font nullfont!
Missing character: There is no V in font nullfont!
Missing character: There is no E in font nullfont!
Missing character: There is no - in font nullfont!
Missing character: There is no 2 in font nullfont!
Missing character: There is no 0 in font nullfont!
Missing character: There is no 0 in font nullfont!
Missing character: There is no 3 in font nullfont!
Missing character: There is no - in font nullfont!
Missing character: There is no 1 in font nullfont!
Missing character: There is no 1 in font nullfont!
Missing character: There is no 3 in font nullfont!
Missing character: There is no 6 in font nullfont!
Missing character: There is no J in font nullfont!
Missing character: There is no a in font nullfont!
Missing character: There is no v in font nullfont!
Missing character: There is no a in font nullfont!
Missing character: There is no S in font nullfont!
Missing character: There is no c in font nullfont!
Missing character: There is no r in font nullfont!
Missing character: There is no i in font nullfont!
Missing character: There is no p in font nullfont!
Missing character: There is no t in font nullfont!
Missing character: There is no i in font nullfont!
Missing character: There is no n in font nullfont!
Missing character: There is no o in font nullfont!
Missing character: There is no n in font nullfont!
Missing character: There is no m in font nullfont!
Missing character: There is no o in font nullfont!
Missing character: There is no u in font nullfont!
Missing character: There is no s in font nullfont!
Missing character: There is no e in font nullfont!
Missing character: There is no o in font nullfont!
Missing character: There is no v in font nullfont!
Missing character: There is no e in font nullfont!
Missing character: There is no r in font nullfont!
Missing character: There is no a in font nullfont!
Missing character: There is no t in font nullfont!
Missing character: There is no t in font nullfont!
Missing character: There is no r in font nullfont!
Missing character: There is no i in font nullfont!
Missing character: There is no b in font nullfont!
Missing character: There is no u in font nullfont!
Missing character: There is no t in font nullfont!
Missing character: There is no e in font nullfont!
Missing character: There is no i in font nullfont!
Missing character: There is no n in font nullfont!
Missing character: There is no e in font nullfont!
Missing character: There is no - in font nullfont!
Missing character: There is no m in font nullfont!
Missing character: There is no a in font nullfont!
Missing character: There is no i in font nullfont!
Missing character: There is no l in font nullfont!
Missing character: There is no a in font nullfont!
Missing character: There is no d in font nullfont!
Missing character: There is no d in font nullfont!
Missing character: There is no r in font nullfont!
Missing character: There is no e in font nullfont!
Missing character: There is no s in font nullfont!
Missing character: There is no s in font nullfont!
Missing character: There is no o in font nullfont!
Missing character: There is no r in font nullfont!
Missing character: There is no U in font nullfont!
Missing character: There is no R in font nullfont!
Missing character: There is no L in font nullfont!
Missing character: There is no . in font nullfont!
Missing character: There is no Ε in font nullfont!
Missing character: There is no μ in font nullfont!
Missing character: There is no ε in font nullfont!
Missing character: There is no ί in font nullfont!
Missing character: There is no ς in font nullfont!
Missing character: There is no θ in font nullfont!
Missing character: There is no α in font nullfont!
Missing character: There is no α in font nullfont!
Missing character: There is no ν in font nullfont!
Missing character: There is no α in font nullfont!
Missing character: There is no λ in font nullfont!
Missing character: There is no ύ in font nullfont!
Missing character: There is no σ in font nullfont!
Missing character: There is no ο in font nullfont!
Missing character: There is no υ in font nullfont!
Missing character: There is no μ in font nullfont!
Missing character: There is no ε in font nullfont!
Missing character: There is no τ in font nullfont!
Missing character: There is no o in font nullfont!
Missing character: There is no C in font nullfont!
Missing character: There is no V in font nullfont!
Missing character: There is no E in font nullfont!
Missing character: There is no - in font nullfont!
Missing character: There is no 2 in font nullfont!
Missing character: There is no 0 in font nullfont!
Missing character: There is no 0 in font nullfont!
Missing character: There is no 4 in font nullfont!
Missing character: There is no - in font nullfont!
Missing character: There is no 1 in font nullfont!
Missing character: There is no 9 in font nullfont!
Missing character: There is no 3 in font nullfont!
Missing character: There is no 5 in font nullfont!
Missing character: There is no π in font nullfont!
Missing character: There is no ο in font nullfont!
Missing character: There is no υ in font nullfont!
Missing character: There is no π in font nullfont!
Missing character: There is no ε in font nullfont!
Missing character: There is no ρ in font nullfont!
Missing character: There is no ι in font nullfont!
Missing character: There is no γ in font nullfont!
Missing character: There is no ρ in font nullfont!
Missing character: There is no ά in font nullfont!
Missing character: There is no φ in font nullfont!
Missing character: There is no ε in font nullfont!
Missing character: There is no ι in font nullfont!
Missing character: There is no μ in font nullfont!
Missing character: There is no ι in font nullfont!
Missing character: There is no α in font nullfont!
Missing character: There is no ε in font nullfont!
Missing character: There is no υ in font nullfont!
Missing character: There is no π in font nullfont!
Missing character: There is no ά in font nullfont!
Missing character: There is no θ in font nullfont!
Missing character: There is no ε in font nullfont!
Missing character: There is no ι in font nullfont!
Missing character: There is no α in font nullfont!
Missing character: There is no σ in font nullfont!
Missing character: There is no ε in font nullfont!
Missing character: There is no e in font nullfont!
Missing character: There is no - in font nullfont!
Missing character: There is no m in font nullfont!
Missing character: There is no a in font nullfont!
Missing character: There is no i in font nullfont!
Missing character: There is no l in font nullfont!
Missing character: There is no a in font nullfont!
Missing character: There is no t in font nullfont!
Missing character: There is no t in font nullfont!
Missing character: There is no a in font nullfont!
Missing character: There is no c in font nullfont!
Missing character: There is no h in font nullfont!
Missing character: There is no m in font nullfont!
Missing character: There is no e in font nullfont!
Missing character: There is no n in font nullfont!
Missing character: There is no t in font nullfont!
Missing character: There is no π in font nullfont!
Missing character: There is no ο in font nullfont!
Missing character: There is no υ in font nullfont!
Missing character: There is no σ in font nullfont!
Missing character: There is no ο in font nullfont!
Missing character: There is no υ in font nullfont!
Missing character: There is no ε in font nullfont!
Missing character: There is no π in font nullfont!
Missing character: There is no ι in font nullfont!
Missing character: There is no τ in font nullfont!
Missing character: There is no ρ in font nullfont!
Missing character: There is no έ in font nullfont!
Missing character: There is no π in font nullfont!
Missing character: There is no ε in font nullfont!
Missing character: There is no ι in font nullfont!
Missing character: There is no ν in font nullfont!
Missing character: There is no α in font nullfont!
Missing character: There is no χ in font nullfont!
Missing character: There is no ρ in font nullfont!
Missing character: There is no η in font nullfont!
Missing character: There is no σ in font nullfont!
Missing character: There is no ι in font nullfont!
Missing character: There is no μ in font nullfont!
Missing character: There is no ο in font nullfont!
Missing character: There is no π in font nullfont!
Missing character: There is no ο in font nullfont!
Missing character: There is no ι in font nullfont!
Missing character: There is no ή in font nullfont!
Missing character: There is no σ in font nullfont!
Missing character: There is no ε in font nullfont!
Missing character: There is no ι in font nullfont!
Missing character: There is no ς in font nullfont!
Missing character: There is no J in font nullfont!
Missing character: There is no a in font nullfont!
Missing character: There is no v in font nullfont!
Missing character: There is no a in font nullfont!
Missing character: There is no S in font nullfont!
Missing character: There is no c in font nullfont!
Missing character: There is no r in font nullfont!
Missing character: There is no i in font nullfont!
Missing character: There is no p in font nullfont!
Missing character: There is no t in font nullfont!
Missing character: There is no μ in font nullfont!
Missing character: There is no έ in font nullfont!
Missing character: There is no σ in font nullfont!
Missing character: There is no ω in font nullfont!
Missing character: There is no τ in font nullfont!
Missing character: There is no ω in font nullfont!
Missing character: There is no ν in font nullfont!
Missing character: There is no a in font nullfont!
Missing character: There is no t in font nullfont!
Missing character: There is no t in font nullfont!
Missing character: There is no r in font nullfont!
Missing character: There is no i in font nullfont!
Missing character: There is no b in font nullfont!
Missing character: There is no u in font nullfont!
Missing character: There is no t in font nullfont!
Missing character: There is no e in font nullfont!
Missing character: There is no s in font nullfont!
Missing character: There is no o in font nullfont!
Missing character: There is no n in font nullfont!
Missing character: There is no l in font nullfont!
Missing character: There is no o in font nullfont!
Missing character: There is no a in font nullfont!
Missing character: There is no d in font nullfont!
Missing character: There is no , in font nullfont!
Missing character: There is no o in font nullfont!
Missing character: There is no n in font nullfont!
Missing character: There is no m in font nullfont!
Missing character: There is no o in font nullfont!
Missing character: There is no u in font nullfont!
Missing character: There is no s in font nullfont!
Missing character: There is no e in font nullfont!
Missing character: There is no o in font nullfont!
Missing character: There is no v in font nullfont!
Missing character: There is no e in font nullfont!
Missing character: There is no r in font nullfont!
Missing character: There is no σ in font nullfont!
Missing character: There is no ε in font nullfont!
Missing character: There is no δ in font nullfont!
Missing character: There is no ι in font nullfont!
Missing character: There is no α in font nullfont!
Missing character: There is no φ in font nullfont!
Missing character: There is no ο in font nullfont!
Missing character: There is no ρ in font nullfont!
Missing character: There is no ά in font nullfont!
Missing character: There is no h in font nullfont!
Missing character: There is no t in font nullfont!
Missing character: There is no m in font nullfont!
Missing character: There is no l in font nullfont!
Missing character: There is no t in font nullfont!
Missing character: There is no a in font nullfont!
Missing character: There is no g in font nullfont!
Missing character: There is no s in font nullfont!
Missing character: There is no κ in font nullfont!
Missing character: There is no α in font nullfont!
Missing character: There is no ι in font nullfont!
Missing character: There is no τ in font nullfont!
Missing character: There is no ο in font nullfont!
Missing character: There is no C in font nullfont!
Missing character: There is no V in font nullfont!
Missing character: There is no E in font nullfont!
Missing character: There is no - in font nullfont!
Missing character: There is no 2 in font nullfont!
Missing character: There is no 0 in font nullfont!
Missing character: There is no 0 in font nullfont!
Missing character: There is no 5 in font nullfont!
Missing character: There is no - in font nullfont!
Missing character: There is no 0 in font nullfont!
Missing character: There is no 9 in font nullfont!
Missing character: There is no 4 in font nullfont!
Missing character: There is no 5 in font nullfont!
Missing character: There is no π in font nullfont!
Missing character: There is no ο in font nullfont!
Missing character: There is no υ in font nullfont!
Missing character: There is no π in font nullfont!
Missing character: There is no ε in font nullfont!
Missing character: There is no ρ in font nullfont!
Missing character: There is no ι in font nullfont!
Missing character: There is no γ in font nullfont!
Missing character: There is no ρ in font nullfont!
Missing character: There is no ά in font nullfont!
Missing character: There is no φ in font nullfont!
Missing character: There is no ε in font nullfont!
Missing character: There is no ι in font nullfont!
Missing character: There is no μ in font nullfont!
Missing character: There is no ι in font nullfont!
Missing character: There is no α in font nullfont!
Missing character: There is no ε in font nullfont!
Missing character: There is no υ in font nullfont!
Missing character: There is no π in font nullfont!
Missing character: There is no ά in font nullfont!
Missing character: There is no θ in font nullfont!
Missing character: There is no ε in font nullfont!
Missing character: There is no ι in font nullfont!
Missing character: There is no α in font nullfont!
Missing character: There is no τ in font nullfont!
Missing character: There is no ο in font nullfont!
Missing character: There is no υ in font nullfont!
Missing character: There is no c in font nullfont!
Missing character: There is no o in font nullfont!
Missing character: There is no m in font nullfont!
Missing character: There is no m in font nullfont!
Missing character: There is no e in font nullfont!
Missing character: There is no n in font nullfont!
Missing character: There is no t in font nullfont!
Missing character: There is no s in font nullfont!
Missing character: There is no e in font nullfont!
Missing character: There is no c in font nullfont!
Missing character: There is no t in font nullfont!
Missing character: There is no i in font nullfont!
Missing character: There is no o in font nullfont!
Missing character: There is no n in font nullfont!
Missing character: There is no ε in font nullfont!
Missing character: There is no ν in font nullfont!
Missing character: There is no ό in font nullfont!
Missing character: There is no ς in font nullfont!
Missing character: There is no w in font nullfont!
Missing character: There is no e in font nullfont!
Missing character: There is no b in font nullfont!
Missing character: There is no s in font nullfont!
Missing character: There is no i in font nullfont!
Missing character: There is no t in font nullfont!
Missing character: There is no e in font nullfont!
Missing character: There is no , in font nullfont!
Missing character: There is no π in font nullfont!
Missing character: There is no ο in font nullfont!
Missing character: There is no υ in font nullfont!
Missing character: There is no ε in font nullfont!
Missing character: There is no π in font nullfont!
Missing character: There is no ι in font nullfont!
Missing character: There is no τ in font nullfont!
Missing character: There is no ρ in font nullfont!
Missing character: There is no έ in font nullfont!
Missing character: There is no π in font nullfont!
Missing character: There is no ε in font nullfont!
Missing character: There is no ι in font nullfont!
Missing character: There is no τ in font nullfont!
Missing character: There is no η in font nullfont!
Missing character: There is no ν in font nullfont!
Missing character: There is no π in font nullfont!
Missing character: There is no ρ in font nullfont!
Missing character: There is no ο in font nullfont!
Missing character: There is no σ in font nullfont!
Missing character: There is no θ in font nullfont!
Missing character: There is no ή in font nullfont!
Missing character: There is no κ in font nullfont!
Missing character: There is no η in font nullfont!
Missing character: There is no κ in font nullfont!
Missing character: There is no ώ in font nullfont!
Missing character: There is no δ in font nullfont!
Missing character: There is no ι in font nullfont!
Missing character: There is no κ in font nullfont!
Missing character: There is no α in font nullfont!
Missing character: There is no J in font nullfont!
Missing character: There is no a in font nullfont!
Missing character: There is no v in font nullfont!
Missing character: There is no a in font nullfont!
Missing character: There is no S in font nullfont!
Missing character: There is no c in font nullfont!
Missing character: There is no r in font nullfont!
Missing character: There is no i in font nullfont!
Missing character: There is no p in font nullfont!
Missing character: There is no t in font nullfont!
Missing character: There is no σ in font nullfont!
Missing character: There is no τ in font nullfont!
Missing character: There is no α in font nullfont!
Missing character: There is no a in font nullfont!
Missing character: There is no t in font nullfont!
Missing character: There is no t in font nullfont!
Missing character: There is no r in font nullfont!
Missing character: There is no i in font nullfont!
Missing character: There is no b in font nullfont!
Missing character: There is no u in font nullfont!
Missing character: There is no t in font nullfont!
Missing character: There is no e in font nullfont!
Missing character: There is no o in font nullfont!
Missing character: There is no n in font nullfont!
Missing character: There is no m in font nullfont!
Missing character: There is no o in font nullfont!
Missing character: There is no u in font nullfont!
Missing character: There is no s in font nullfont!
Missing character: There is no e in font nullfont!
Missing character: There is no o in font nullfont!
Missing character: There is no v in font nullfont!
Missing character: There is no e in font nullfont!
Missing character: There is no r in font nullfont!
Missing character: There is no , in font nullfont!
Missing character: There is no o in font nullfont!
Missing character: There is no n in font nullfont!
Missing character: There is no l in font nullfont!
Missing character: There is no o in font nullfont!
Missing character: There is no a in font nullfont!
Missing character: There is no d in font nullfont!
Missing character: There is no τ in font nullfont!
Missing character: There is no ω in font nullfont!
Missing character: There is no ν in font nullfont!
Missing character: There is no h in font nullfont!
Missing character: There is no t in font nullfont!
Missing character: There is no m in font nullfont!
Missing character: There is no l in font nullfont!
Missing character: There is no t in font nullfont!
Missing character: There is no a in font nullfont!
Missing character: There is no g in font nullfont!
Missing character: There is no s in font nullfont!
Missing character: There is no i in font nullfont!
Missing character: There is no m in font nullfont!
Missing character: There is no g in font nullfont!
Missing character: There is no , in font nullfont!
Missing character: There is no l in font nullfont!
Missing character: There is no i in font nullfont!
Missing character: There is no n in font nullfont!
Missing character: There is no k in font nullfont!
Missing character: There is no κ in font nullfont!
Missing character: There is no α in font nullfont!
Missing character: There is no ι in font nullfont!
Missing character: There is no m in font nullfont!
Missing character: There is no a in font nullfont!
Missing character: There is no i in font nullfont!
Missing character: There is no l in font nullfont!
Missing character: There is no . in font nullfont!
)
! Emergency stop.
<*> intro.tex
             
*** (job aborted, no legal \end found)

 
Here is how much of TeX's memory you used:
 17 strings out of 479805
 305 string characters out of 5896669
 245023 words of memory out of 5000000
 17256 multiletter control sequences out of 15000+600000
 532338 words of font info for 24 fonts, out of 8000000 for 9000
 1348 hyphenation exceptions out of 8191
 12i,1n,15p,402b,60s stack positions out of 5000i,500n,10000p,200000b,80000s
No pages of output.
